#
# There is insufficient memory for the Java Runtime Environment to continue.
# Native memory allocation (malloc) failed to allocate 1029856 bytes for Chunk::new
# Possible reasons:
#   The system is out of physical RAM or swap space
#   The process is running with CompressedOops enabled, and the Java Heap may be blocking the growth of the native heap
# Possible solutions:
#   Reduce memory load on the system
#   Increase physical memory or swap space
#   Check if swap backing store is full
#   Decrease Java heap size (-Xmx/-Xms)
#   Decrease number of Java threads
#   Decrease Java thread stack sizes (-Xss)
#   Set larger code cache with -XX:ReservedCodeCacheSize=
#   JVM is running with Unscaled Compressed Oops mode in which the Java heap is
#     placed in the first 4GB address space. The Java Heap base address is the
#     maximum limit for the native heap growth. Please use -XX:HeapBaseMinAddress
#     to set the Java Heap base and to place the Java Heap above 4GB virtual address.
# This output file may be truncated or incomplete.
#
#  Out of Memory Error (allocation.cpp:389), pid=15060, tid=0x000000000000292c
#
# JRE version: OpenJDK Runtime Environment (8.0_242-b01) (build 1.8.0_242-release-1644-b01)
# Java VM: OpenJDK 64-Bit Server VM (25.242-b01 mixed mode windows-amd64 compressed oops)
# Failed to write core dump. Minidumps are not enabled by default on client versions of Windows
#

---------------  T H R E A D  ---------------

Current thread (0x0000000019996800):  JavaThread "C2 CompilerThread0" daemon [_thread_in_native, id=10540, stack(0x000000001b010000,0x000000001b110000)]

Stack: [0x000000001b010000,0x000000001b110000]
[error occurred during error reporting (printing stack bounds), id 0xc0000005]

Native frames: (J=compiled Java code, j=interpreted, Vv=VM code, C=native code)


Current CompileTask:
C2:  12596 8098   !   4       java.io.ObjectOutputStream::writeObject0 (619 bytes)


---------------  P R O C E S S  ---------------

Java Threads: ( => current thread )
  0x000000001dbca000 JavaThread "stdout" [_thread_in_native, id=1656, stack(0x0000000030650000,0x0000000030750000)]
  0x000000001dbc8800 JavaThread "stderr" [_thread_in_native, id=18280, stack(0x0000000030550000,0x0000000030650000)]
  0x000000001dbc7800 JavaThread "stdout" [_thread_in_native, id=4040, stack(0x0000000030450000,0x0000000030550000)]
  0x000000001dbc9000 JavaThread "stderr" [_thread_in_native, id=9276, stack(0x0000000030350000,0x0000000030450000)]
  0x000000001dbcc000 JavaThread "stdout" [_thread_in_native, id=16140, stack(0x0000000030250000,0x0000000030350000)]
  0x000000001dbc4800 JavaThread "stderr" [_thread_in_native, id=256, stack(0x0000000030150000,0x0000000030250000)]
  0x000000001dbc7000 JavaThread "stdout" [_thread_in_native, id=6656, stack(0x0000000030050000,0x0000000030150000)]
  0x000000001dbcb800 JavaThread "stderr" [_thread_in_native, id=17728, stack(0x000000002ff50000,0x0000000030050000)]
  0x000000001dbc6000 JavaThread "stdout" [_thread_in_native, id=17136, stack(0x000000002fe50000,0x000000002ff50000)]
  0x000000001dbc5800 JavaThread "stderr" [_thread_in_native, id=18172, stack(0x000000002fd50000,0x000000002fe50000)]
  0x000000001dbbd000 JavaThread "stdout" [_thread_in_native, id=5596, stack(0x000000002fc50000,0x000000002fd50000)]
  0x000000001dbc4000 JavaThread "stderr" [_thread_in_native, id=3972, stack(0x000000002fb50000,0x000000002fc50000)]
  0x000000001dbc3000 JavaThread "stdout" [_thread_in_native, id=13412, stack(0x000000002fa50000,0x000000002fb50000)]
  0x000000001dbc0000 JavaThread "stderr" [_thread_in_native, id=6184, stack(0x000000002f950000,0x000000002fa50000)]
  0x000000001dbbf800 JavaThread "stdout" [_thread_in_native, id=17800, stack(0x000000002f850000,0x000000002f950000)]
  0x000000001dbc2800 JavaThread "stderr" [_thread_in_native, id=18216, stack(0x000000002f750000,0x000000002f850000)]
  0x000000001dbc1800 JavaThread "pool-2-thread-1" [_thread_blocked, id=4536, stack(0x000000002f650000,0x000000002f750000)]
  0x000000001dbbe800 JavaThread "MarlinRenderer Disposer" daemon [_thread_blocked, id=8732, stack(0x000000002f350000,0x000000002f450000)]
  0x000000001dbc1000 JavaThread "Java2D Disposer" daemon [_thread_blocked, id=16356, stack(0x000000002f250000,0x000000002f350000)]
  0x000000001d91a800 JavaThread "WorkerExecutor Queue Thread 12" [_thread_blocked, id=7068, stack(0x000000002f150000,0x000000002f250000)]
  0x000000001d91a000 JavaThread "WorkerExecutor Queue Thread 11" [_thread_blocked, id=10448, stack(0x000000002f050000,0x000000002f150000)]
  0x000000001d917800 JavaThread "WorkerExecutor Queue Thread 10" [_thread_blocked, id=12720, stack(0x000000002ed50000,0x000000002ee50000)]
  0x000000001d917000 JavaThread "WorkerExecutor Queue Thread 9" [_thread_blocked, id=7868, stack(0x000000002ec50000,0x000000002ed50000)]
  0x000000001d916000 JavaThread "WorkerExecutor Queue Thread 8" [_thread_blocked, id=19356, stack(0x000000002eb50000,0x000000002ec50000)]
  0x000000001d919000 JavaThread "WorkerExecutor Queue Thread 7" [_thread_blocked, id=19096, stack(0x000000002ea50000,0x000000002eb50000)]
  0x000000001d918800 JavaThread "WorkerExecutor Queue Thread 6" [_thread_blocked, id=18944, stack(0x000000002e950000,0x000000002ea50000)]
  0x000000001d91c000 JavaThread "WorkerExecutor Queue Thread 5" [_thread_blocked, id=16500, stack(0x000000002e850000,0x000000002e950000)]
  0x000000001d91b800 JavaThread "WorkerExecutor Queue Thread 4" [_thread_blocked, id=14756, stack(0x000000002e750000,0x000000002e850000)]
  0x000000001d90e800 JavaThread "WorkerExecutor Queue Thread 3" [_thread_blocked, id=7576, stack(0x000000002e650000,0x000000002e750000)]
  0x000000001d910000 JavaThread "WorkerExecutor Queue Thread 2" [_thread_blocked, id=2784, stack(0x000000002e550000,0x000000002e650000)]
  0x000000001d913000 JavaThread "WorkerExecutor Queue" [_thread_blocked, id=17736, stack(0x000000002df10000,0x000000002e010000)]
  0x000000001d914800 JavaThread "Cache worker for execution history cache (D:\Documentos\Interfaces\MitYoAl\.gradle\6.5\executionHistory)" [_thread_blocked, id=13364, stack(0x000000002e050000,0x000000002e150000)]
  0x000000001d90d000 JavaThread "Execution worker for ':' Thread 11" [_thread_in_vm, id=17440, stack(0x000000002de10000,0x000000002df10000)]
  0x000000001d914000 JavaThread "Execution worker for ':' Thread 10" [_thread_blocked, id=13620, stack(0x000000002dd10000,0x000000002de10000)]
  0x000000001d911800 JavaThread "Execution worker for ':' Thread 9" [_thread_blocked, id=7292, stack(0x000000002dc10000,0x000000002dd10000)]
  0x000000001d912800 JavaThread "Execution worker for ':' Thread 8" [_thread_blocked, id=13724, stack(0x000000002db10000,0x000000002dc10000)]
  0x000000001d90f800 JavaThread "Execution worker for ':' Thread 7" [_thread_blocked, id=104, stack(0x000000002da10000,0x000000002db10000)]
  0x000000001d90e000 JavaThread "Execution worker for ':' Thread 6" [_thread_blocked, id=3672, stack(0x000000002d910000,0x000000002da10000)]
  0x0000000020d39800 JavaThread "Execution worker for ':' Thread 5" [_thread_blocked, id=11424, stack(0x000000002d810000,0x000000002d910000)]
  0x0000000020d39000 JavaThread "Execution worker for ':' Thread 4" [_thread_blocked, id=13940, stack(0x000000002d710000,0x000000002d810000)]
  0x0000000020d38000 JavaThread "Execution worker for ':' Thread 3" [_thread_blocked, id=17700, stack(0x000000002d610000,0x000000002d710000)]
  0x0000000020d37800 JavaThread "Execution worker for ':' Thread 2" [_thread_blocked, id=12132, stack(0x000000002d2e0000,0x000000002d3e0000)]
  0x0000000020d36800 JavaThread "Execution worker for ':'" [_thread_blocked, id=13964, stack(0x000000002cf60000,0x000000002d060000)]
  0x0000000020d3d800 JavaThread "Cache worker for file content cache (D:\Documentos\Interfaces\MitYoAl\.gradle\6.5\fileContent)" [_thread_blocked, id=17888, stack(0x000000002cc60000,0x000000002cd60000)]
  0x0000000020d3c800 JavaThread "Memory manager" [_thread_blocked, id=9864, stack(0x000000002a990000,0x000000002aa90000)]
  0x0000000020d3b000 JavaThread "Cache worker for Build Output Cleanup Cache (D:\Documentos\Interfaces\MitYoAl\.gradle\buildOutputCleanup)" [_thread_blocked, id=12112, stack(0x000000002aae0000,0x000000002abe0000)]
  0x0000000020d3c000 JavaThread "jar transforms Thread 92" [_thread_blocked, id=19160, stack(0x000000002a890000,0x000000002a990000)]
  0x0000000020d2f000 JavaThread "jar transforms Thread 91" [_thread_blocked, id=10528, stack(0x000000002a790000,0x000000002a890000)]
  0x0000000020d34800 JavaThread "jar transforms Thread 90" [_thread_blocked, id=12380, stack(0x000000002a690000,0x000000002a790000)]
  0x0000000020d33800 JavaThread "jar transforms Thread 89" [_thread_blocked, id=4396, stack(0x000000002a590000,0x000000002a690000)]
  0x0000000020d36000 JavaThread "jar transforms Thread 88" [_thread_blocked, id=15376, stack(0x000000002a390000,0x000000002a490000)]
  0x0000000020d32000 JavaThread "jar transforms Thread 87" [_thread_blocked, id=1924, stack(0x000000002a290000,0x000000002a390000)]
  0x0000000020d30800 JavaThread "jar transforms Thread 86" [_thread_blocked, id=1648, stack(0x000000002a190000,0x000000002a290000)]
  0x0000000020d2e800 JavaThread "jar transforms Thread 85" [_thread_blocked, id=15256, stack(0x000000002a090000,0x000000002a190000)]
  0x0000000020d33000 JavaThread "jar transforms Thread 84" [_thread_blocked, id=1816, stack(0x0000000029f90000,0x000000002a090000)]
  0x0000000020d31800 JavaThread "jar transforms Thread 83" [_thread_blocked, id=8800, stack(0x0000000029e90000,0x0000000029f90000)]
  0x0000000020d30000 JavaThread "jar transforms Thread 82" [_thread_blocked, id=1744, stack(0x0000000029d90000,0x0000000029e90000)]
  0x0000000020d35000 JavaThread "jar transforms Thread 81" [_thread_blocked, id=16136, stack(0x0000000029c90000,0x0000000029d90000)]
  0x000000001c178800 JavaThread "jar transforms Thread 80" [_thread_blocked, id=356, stack(0x0000000029b90000,0x0000000029c90000)]
  0x000000001c17c000 JavaThread "jar transforms Thread 79" [_thread_blocked, id=2668, stack(0x0000000029a90000,0x0000000029b90000)]
  0x000000001c17d800 JavaThread "jar transforms Thread 78" [_thread_blocked, id=18072, stack(0x0000000029990000,0x0000000029a90000)]
  0x000000001c177800 JavaThread "jar transforms Thread 77" [_thread_blocked, id=11700, stack(0x0000000029890000,0x0000000029990000)]
  0x000000001c17b800 JavaThread "jar transforms Thread 76" [_thread_blocked, id=13160, stack(0x0000000029790000,0x0000000029890000)]
  0x000000001c17d000 JavaThread "jar transforms Thread 75" [_thread_blocked, id=18092, stack(0x0000000029690000,0x0000000029790000)]
  0x000000001c179000 JavaThread "jar transforms Thread 74" [_thread_blocked, id=2204, stack(0x0000000029590000,0x0000000029690000)]
  0x000000001c17a800 JavaThread "jar transforms Thread 73" [_thread_blocked, id=1320, stack(0x0000000029490000,0x0000000029590000)]
  0x000000001c17a000 JavaThread "jar transforms Thread 72" [_thread_blocked, id=15888, stack(0x0000000029390000,0x0000000029490000)]
  0x000000001c17e800 JavaThread "jar transforms Thread 71" [_thread_blocked, id=3644, stack(0x0000000029290000,0x0000000029390000)]
  0x000000001c170000 JavaThread "jar transforms Thread 70" [_thread_blocked, id=7560, stack(0x0000000029190000,0x0000000029290000)]
  0x000000001c177000 JavaThread "jar transforms Thread 69" [_thread_blocked, id=2612, stack(0x0000000029090000,0x0000000029190000)]
  0x000000001c174800 JavaThread "jar transforms Thread 68" [_thread_blocked, id=8288, stack(0x0000000028f90000,0x0000000029090000)]
  0x000000001c174000 JavaThread "jar transforms Thread 67" [_thread_blocked, id=13712, stack(0x0000000028e90000,0x0000000028f90000)]
  0x000000001c175800 JavaThread "jar transforms Thread 66" [_thread_blocked, id=16200, stack(0x0000000028d90000,0x0000000028e90000)]
  0x000000001c172800 JavaThread "jar transforms Thread 65" [_thread_blocked, id=19444, stack(0x0000000028c90000,0x0000000028d90000)]
  0x000000001c16f800 JavaThread "jar transforms Thread 64" [_thread_blocked, id=15188, stack(0x0000000028b90000,0x0000000028c90000)]
  0x000000001c171800 JavaThread "jar transforms Thread 63" [_thread_blocked, id=16548, stack(0x0000000028a90000,0x0000000028b90000)]
  0x000000001c171000 JavaThread "jar transforms Thread 62" [_thread_blocked, id=18684, stack(0x0000000028990000,0x0000000028a90000)]
  0x000000001c173000 JavaThread "jar transforms Thread 61" [_thread_blocked, id=8080, stack(0x0000000028890000,0x0000000028990000)]
  0x000000001c176000 JavaThread "jar transforms Thread 60" [_thread_blocked, id=17952, stack(0x0000000028790000,0x0000000028890000)]
  0x000000001bc61000 JavaThread "jar transforms Thread 59" [_thread_blocked, id=18392, stack(0x0000000028690000,0x0000000028790000)]
  0x000000001bc60800 JavaThread "jar transforms Thread 58" [_thread_blocked, id=1640, stack(0x0000000028590000,0x0000000028690000)]
  0x000000001bc5f800 JavaThread "jar transforms Thread 57" [_thread_blocked, id=18076, stack(0x0000000028490000,0x0000000028590000)]
  0x000000001bc5f000 JavaThread "jar transforms Thread 56" [_thread_blocked, id=7416, stack(0x0000000028390000,0x0000000028490000)]
  0x000000001bc5d800 JavaThread "jar transforms Thread 55" [_thread_blocked, id=17892, stack(0x0000000028290000,0x0000000028390000)]
  0x000000001bc62800 JavaThread "jar transforms Thread 54" [_thread_blocked, id=5904, stack(0x0000000028190000,0x0000000028290000)]
  0x000000001bc62000 JavaThread "jar transforms Thread 53" [_thread_blocked, id=14408, stack(0x0000000028090000,0x0000000028190000)]
  0x000000001bc63800 JavaThread "jar transforms Thread 52" [_thread_blocked, id=17724, stack(0x0000000027f90000,0x0000000028090000)]
  0x000000001bc5e000 JavaThread "jar transforms Thread 51" [_thread_blocked, id=2676, stack(0x0000000027e90000,0x0000000027f90000)]
  0x000000001bc56000 JavaThread "jar transforms Thread 50" [_thread_blocked, id=2680, stack(0x0000000027d90000,0x0000000027e90000)]
  0x000000001bc5c800 JavaThread "jar transforms Thread 49" [_thread_blocked, id=14712, stack(0x0000000027c90000,0x0000000027d90000)]
  0x000000001bc58000 JavaThread "jar transforms Thread 48" [_thread_blocked, id=6088, stack(0x0000000027b90000,0x0000000027c90000)]
  0x000000001bc56800 JavaThread "jar transforms Thread 47" [_thread_blocked, id=18424, stack(0x0000000027a90000,0x0000000027b90000)]
  0x000000001bc5c000 JavaThread "jar transforms Thread 46" [_thread_blocked, id=11348, stack(0x0000000027990000,0x0000000027a90000)]
  0x000000001bc54800 JavaThread "jar transforms Thread 45" [_thread_blocked, id=4892, stack(0x0000000027890000,0x0000000027990000)]
  0x000000001bc59000 JavaThread "jar transforms Thread 44" [_thread_blocked, id=17464, stack(0x0000000027790000,0x0000000027890000)]
  0x000000001bc5b000 JavaThread "jar transforms Thread 43" [_thread_blocked, id=2084, stack(0x0000000027690000,0x0000000027790000)]
  0x000000001bc5a800 JavaThread "jar transforms Thread 42" [_thread_blocked, id=11308, stack(0x0000000027590000,0x0000000027690000)]
  0x000000001bc59800 JavaThread "jar transforms Thread 41" [_thread_blocked, id=14856, stack(0x0000000027490000,0x0000000027590000)]
  0x000000001bc57800 JavaThread "jar transforms Thread 40" [_thread_blocked, id=6236, stack(0x0000000027390000,0x0000000027490000)]
  0x000000001bc55000 JavaThread "jar transforms Thread 39" [_thread_blocked, id=15048, stack(0x0000000027290000,0x0000000027390000)]
  0x000000001bd00800 JavaThread "jar transforms Thread 38" [_thread_blocked, id=8964, stack(0x0000000027190000,0x0000000027290000)]
  0x000000001bd00000 JavaThread "jar transforms Thread 37" [_thread_blocked, id=16824, stack(0x0000000027090000,0x0000000027190000)]
  0x000000001bcff000 JavaThread "jar transforms Thread 36" [_thread_blocked, id=7672, stack(0x0000000026f90000,0x0000000027090000)]
  0x000000001bcfe800 JavaThread "jar transforms Thread 35" [_thread_blocked, id=2636, stack(0x0000000026e90000,0x0000000026f90000)]
  0x000000001bcf7000 JavaThread "jar transforms Thread 34" [_thread_blocked, id=10848, stack(0x0000000026d90000,0x0000000026e90000)]
  0x000000001bcfd800 JavaThread "jar transforms Thread 33" [_thread_blocked, id=18368, stack(0x0000000026c90000,0x0000000026d90000)]
  0x000000001bcf6000 JavaThread "jar transforms Thread 32" [_thread_blocked, id=960, stack(0x0000000026b90000,0x0000000026c90000)]
  0x000000001bcfd000 JavaThread "jar transforms Thread 31" [_thread_blocked, id=10816, stack(0x0000000026a90000,0x0000000026b90000)]
  0x000000001bcfc000 JavaThread "jar transforms Thread 30" [_thread_blocked, id=16008, stack(0x0000000026990000,0x0000000026a90000)]
  0x000000001bcfb800 JavaThread "jar transforms Thread 29" [_thread_blocked, id=5108, stack(0x0000000026890000,0x0000000026990000)]
  0x000000001bcf4800 JavaThread "jar transforms Thread 28" [_thread_blocked, id=19268, stack(0x0000000026790000,0x0000000026890000)]
  0x000000001bcf4000 JavaThread "jar transforms Thread 27" [_thread_blocked, id=4956, stack(0x0000000026690000,0x0000000026790000)]
  0x000000001bcfa000 JavaThread "jar transforms Thread 26" [_thread_blocked, id=13776, stack(0x0000000026590000,0x0000000026690000)]
  0x000000001bcf8800 JavaThread "jar transforms Thread 25" [_thread_blocked, id=16072, stack(0x0000000026490000,0x0000000026590000)]
  0x000000001bcfa800 JavaThread "jar transforms Thread 24" [_thread_blocked, id=6960, stack(0x0000000026390000,0x0000000026490000)]
  0x000000001bcf9000 JavaThread "jar transforms Thread 23" [_thread_blocked, id=16868, stack(0x0000000026290000,0x0000000026390000)]
  0x000000001bcf1800 JavaThread "jar transforms Thread 22" [_thread_blocked, id=4468, stack(0x0000000026190000,0x0000000026290000)]
  0x000000001bcf7800 JavaThread "jar transforms Thread 21" [_thread_blocked, id=4436, stack(0x0000000026090000,0x0000000026190000)]
  0x000000001bcf3000 JavaThread "jar transforms Thread 20" [_thread_blocked, id=2820, stack(0x0000000025f90000,0x0000000026090000)]
  0x000000001bcf5800 JavaThread "jar transforms Thread 19" [_thread_blocked, id=7688, stack(0x0000000025e90000,0x0000000025f90000)]
  0x000000001bcf2800 JavaThread "jar transforms Thread 18" [_thread_blocked, id=12820, stack(0x0000000025d90000,0x0000000025e90000)]
  0x000000001b85b800 JavaThread "jar transforms Thread 17" [_thread_blocked, id=10500, stack(0x0000000025c90000,0x0000000025d90000)]
  0x000000001b85a800 JavaThread "jar transforms Thread 16" [_thread_blocked, id=7472, stack(0x0000000025b90000,0x0000000025c90000)]
  0x000000001b859000 JavaThread "jar transforms Thread 15" [_thread_blocked, id=18372, stack(0x0000000025a90000,0x0000000025b90000)]
  0x000000001b858800 JavaThread "jar transforms Thread 14" [_thread_blocked, id=18036, stack(0x0000000025990000,0x0000000025a90000)]
  0x000000001b857800 JavaThread "jar transforms Thread 13" [_thread_blocked, id=13828, stack(0x0000000025890000,0x0000000025990000)]
  0x000000001b857000 JavaThread "jar transforms Thread 12" [_thread_blocked, id=2116, stack(0x0000000025790000,0x0000000025890000)]
  0x000000001b856000 JavaThread "jar transforms Thread 11" [_thread_blocked, id=14508, stack(0x0000000025690000,0x0000000025790000)]
  0x000000001b85d000 JavaThread "jar transforms Thread 10" [_thread_blocked, id=2328, stack(0x0000000025590000,0x0000000025690000)]
  0x000000001b85a000 JavaThread "jar transforms Thread 9" [_thread_blocked, id=6096, stack(0x0000000025490000,0x0000000025590000)]
  0x000000001b85c000 JavaThread "jar transforms Thread 8" [_thread_blocked, id=16828, stack(0x0000000025390000,0x0000000025490000)]
  0x0000000020bee000 JavaThread "jar transforms Thread 7" [_thread_blocked, id=18380, stack(0x0000000025290000,0x0000000025390000)]
  0x0000000020bf5000 JavaThread "jar transforms Thread 6" [_thread_blocked, id=10880, stack(0x0000000025190000,0x0000000025290000)]
  0x0000000020bf4000 JavaThread "jar transforms Thread 5" [_thread_blocked, id=164, stack(0x0000000025090000,0x0000000025190000)]
  0x0000000020bf3800 JavaThread "jar transforms Thread 4" [_thread_blocked, id=10408, stack(0x0000000024f90000,0x0000000025090000)]
  0x0000000020bf2800 JavaThread "jar transforms Thread 3" [_thread_blocked, id=6900, stack(0x0000000024e90000,0x0000000024f90000)]
  0x0000000020bf2000 JavaThread "jar transforms Thread 2" [_thread_blocked, id=9392, stack(0x0000000024d90000,0x0000000024e90000)]
  0x0000000020bea800 JavaThread "Build operations Thread 12" [_thread_blocked, id=17668, stack(0x0000000024c90000,0x0000000024d90000)]
  0x0000000020beb000 JavaThread "Build operations Thread 11" [_thread_blocked, id=19100, stack(0x0000000024b90000,0x0000000024c90000)]
  0x0000000020bf1000 JavaThread "Build operations Thread 10" [_thread_blocked, id=11552, stack(0x0000000024a90000,0x0000000024b90000)]
  0x0000000020bed800 JavaThread "Build operations Thread 9" [_thread_blocked, id=2704, stack(0x0000000024990000,0x0000000024a90000)]
  0x0000000020bf0800 JavaThread "Build operations Thread 8" [_thread_blocked, id=18184, stack(0x0000000024890000,0x0000000024990000)]
  0x0000000020bef800 JavaThread "Build operations Thread 7" [_thread_blocked, id=12000, stack(0x0000000024790000,0x0000000024890000)]
  0x0000000020bef000 JavaThread "Build operations Thread 6" [_thread_blocked, id=8372, stack(0x0000000024590000,0x0000000024690000)]
  0x0000000020be6000 JavaThread "Build operations Thread 5" [_thread_blocked, id=2916, stack(0x0000000024490000,0x0000000024590000)]
  0x0000000020be9800 JavaThread "Build operations Thread 4" [_thread_blocked, id=19368, stack(0x0000000024390000,0x0000000024490000)]
  0x0000000020bec800 JavaThread "Build operations Thread 3" [_thread_blocked, id=17120, stack(0x0000000024290000,0x0000000024390000)]
  0x0000000020be7800 JavaThread "Build operations Thread 2" [_thread_blocked, id=16920, stack(0x0000000024190000,0x0000000024290000)]
  0x0000000020bec000 JavaThread "Build operations" [_thread_blocked, id=7664, stack(0x0000000024090000,0x0000000024190000)]
  0x000000001d613800 JavaThread "Cache worker for file content cache (C:\Users\Jimmy\.gradle\caches\6.5\fileContent)" [_thread_blocked, id=6156, stack(0x0000000023990000,0x0000000023a90000)]
  0x000000001d618800 JavaThread "jar transforms" [_thread_blocked, id=1044, stack(0x0000000023890000,0x0000000023990000)]
  0x000000001d618000 JavaThread "Cache worker for execution history cache (C:\Users\Jimmy\.gradle\caches\6.5\executionHistory)" [_thread_blocked, id=9432, stack(0x0000000023080000,0x0000000023180000)]
  0x000000001d617000 JavaThread "Cache worker for cache directory md-rule (C:\Users\Jimmy\.gradle\caches\6.5\md-rule)" [_thread_blocked, id=11696, stack(0x0000000022f80000,0x0000000023080000)]
  0x000000001d616800 JavaThread "Cache worker for cache directory md-supplier (C:\Users\Jimmy\.gradle\caches\6.5\md-supplier)" [_thread_blocked, id=6784, stack(0x0000000021c30000,0x0000000021d30000)]
  0x000000001d619800 JavaThread "Cache worker for checksums cache (D:\Documentos\Interfaces\MitYoAl\.gradle\checksums)" [_thread_blocked, id=19436, stack(0x0000000021b30000,0x0000000021c30000)]
  0x000000001d615800 JavaThread "Cache worker for file hash cache (D:\Documentos\Interfaces\MitYoAl\.gradle\6.5\fileHashes)" [_thread_blocked, id=16844, stack(0x0000000023390000,0x0000000023490000)]
  0x000000001d615000 JavaThread "Cache worker for file hash cache (C:\Users\Jimmy\.gradle\caches\6.5\fileHashes)" [_thread_blocked, id=5552, stack(0x000000001f690000,0x000000001f790000)]
  0x000000001d612800 JavaThread "File lock request listener" [_thread_in_native, id=4764, stack(0x000000001f590000,0x000000001f690000)]
  0x000000001d7cb000 JavaThread "Cache worker for journal cache (C:\Users\Jimmy\.gradle\caches\journal-1)" [_thread_blocked, id=17972, stack(0x000000001f490000,0x000000001f590000)]
  0x000000001d5c7000 JavaThread "Thread-9" [_thread_blocked, id=16696, stack(0x000000001f190000,0x000000001f290000)]
  0x000000001d5c6800 JavaThread "Stdin handler" [_thread_blocked, id=18308, stack(0x000000001f090000,0x000000001f190000)]
  0x000000001d5ed800 JavaThread "Asynchronous log dispatcher for DefaultDaemonConnection: socket connection from /127.0.0.1:56672 to /127.0.0.1:56673" [_thread_blocked, id=14184, stack(0x000000001ef90000,0x000000001f090000)]
  0x000000001d5db800 JavaThread "Daemon worker" [_thread_blocked, id=6364, stack(0x000000001ee90000,0x000000001ef90000)]
  0x000000001d5da800 JavaThread "Cancel handler" [_thread_blocked, id=17648, stack(0x000000001ed90000,0x000000001ee90000)]
  0x000000001d5b5800 JavaThread "Handler for socket connection from /127.0.0.1:56672 to /127.0.0.1:56673" [_thread_in_native, id=18828, stack(0x000000001ec90000,0x000000001ed90000)]
  0x000000001d5af000 JavaThread "Daemon" [_thread_blocked, id=19020, stack(0x000000001eb90000,0x000000001ec90000)]
  0x000000001d58f000 JavaThread "Daemon periodic checks" [_thread_blocked, id=19248, stack(0x000000001e890000,0x000000001e990000)]
  0x000000001d52f000 JavaThread "Incoming local TCP Connector on port 56672" [_thread_in_native, id=16404, stack(0x000000001e620000,0x000000001e720000)]
  0x000000001d45a000 JavaThread "Daemon health stats" [_thread_blocked, id=19280, stack(0x000000001cde0000,0x000000001cee0000)]
  0x00000000199b8800 JavaThread "Service Thread" daemon [_thread_blocked, id=10544, stack(0x000000001b410000,0x000000001b510000)]
  0x00000000199ac000 JavaThread "C1 CompilerThread3" daemon [_thread_blocked, id=17856, stack(0x000000001b310000,0x000000001b410000)]
  0x00000000199aa000 JavaThread "C2 CompilerThread2" daemon [_thread_blocked, id=4932, stack(0x000000001b210000,0x000000001b310000)]
  0x000000001999b800 JavaThread "C2 CompilerThread1" daemon [_thread_in_native, id=2260, stack(0x000000001b110000,0x000000001b210000)]
=>0x0000000019996800 JavaThread "C2 CompilerThread0" daemon [_thread_in_native, id=10540, stack(0x000000001b010000,0x000000001b110000)]
  0x0000000019992000 JavaThread "Attach Listener" daemon [_thread_blocked, id=2944, stack(0x000000001af10000,0x000000001b010000)]
  0x0000000019991000 JavaThread "Signal Dispatcher" daemon [_thread_blocked, id=13168, stack(0x000000001ae10000,0x000000001af10000)]
  0x00000000182a1800 JavaThread "Finalizer" daemon [_thread_blocked, id=11456, stack(0x000000001abf0000,0x000000001acf0000)]
  0x0000000019983000 JavaThread "Reference Handler" daemon [_thread_blocked, id=12196, stack(0x000000001aaf0000,0x000000001abf0000)]
  0x0000000002d5e800 JavaThread "main" [_thread_blocked, id=2700, stack(0x0000000002e30000,0x0000000002f30000)]

Other Threads:
  0x0000000018295800 VMThread [stack: 0x000000001a9f0000,0x000000001aaf0000] [id=14004]
  0x0000000019a2b800 WatcherThread [stack: 0x000000001b510000,0x000000001b610000] [id=6648]

VM state:not at safepoint (normal execution)

VM Mutex/Monitor currently owned by a thread: None

heap address: 0x0000000080000000, size: 2048 MB, Compressed Oops mode: 32-bit
Narrow klass base: 0x0000000000000000, Narrow klass shift: 3
Compressed class space size: 1073741824 Address: 0x0000000100000000

Heap:
 PSYoungGen      total 219648K, used 212916K [0x00000000d5580000, 0x00000000e6780000, 0x0000000100000000)
  eden space 200192K, 96% used [0x00000000d5580000,0x00000000e1275028,0x00000000e1900000)
  from space 19456K, 99% used [0x00000000e1900000,0x00000000e2bf8010,0x00000000e2c00000)
  to   space 23040K, 0% used [0x00000000e5100000,0x00000000e5100000,0x00000000e6780000)
 ParOldGen       total 218112K, used 35990K [0x0000000080000000, 0x000000008d500000, 0x00000000d5580000)
  object space 218112K, 16% used [0x0000000080000000,0x00000000823258a0,0x000000008d500000)
 Metaspace       used 68145K, capacity 71688K, committed 71960K, reserved 1112064K
  class space    used 9318K, capacity 9989K, committed 10032K, reserved 1048576K

Card table byte_map: [0x00000000123f0000,0x0000000012800000] byte_map_base: 0x0000000011ff0000

Marking Bits: (ParMarkBitMap*) 0x0000000070ccf030
 Begin Bits: [0x00000000134b0000, 0x00000000154b0000)
 End Bits:   [0x00000000154b0000, 0x00000000174b0000)

Polling page: 0x0000000001460000

CodeCache: size=245760Kb used=23993Kb max_used=24005Kb free=221766Kb
 bounds [0x0000000003030000, 0x00000000047c0000, 0x0000000012030000]
 total_blobs=8263 nmethods=7352 adapters=824
 compilation: enabled

Compilation events (10 events):
Event: 12.590 Thread 0x00000000199ac000 8344       3       com.google.common.collect.ImmutableListMultimap::fromMapEntries (141 bytes)
Event: 12.590 Thread 0x00000000199aa000 nmethod 8338 0x00000000047a3650 code [0x00000000047a37a0, 0x00000000047a3ac8]
Event: 12.593 Thread 0x00000000199ac000 nmethod 8344 0x00000000047a3c90 code [0x00000000047a4080, 0x00000000047a6308]
Event: 12.593 Thread 0x00000000199ac000 8341       3       com.google.common.collect.ImmutableMultimap$Builder::build (41 bytes)
Event: 12.594 Thread 0x00000000199ac000 nmethod 8341 0x0000000004790850 code [0x0000000004790a80, 0x00000000047916a8]
Event: 12.594 Thread 0x00000000199ac000 8333       3       org.gradle.internal.resources.ExclusiveAccessResourceLock::doIsLocked (8 bytes)
Event: 12.594 Thread 0x00000000199ac000 nmethod 8333 0x00000000047a2f90 code [0x00000000047a3100, 0x00000000047a3510]
Event: 12.594 Thread 0x00000000199ac000 8339   !   3       com.sun.proxy.$Proxy0::onOutput (34 bytes)
Event: 12.594 Thread 0x000000001999b800 8347       4       org.gradle.internal.hash.HashCode::fromBytes (50 bytes)
Event: 12.594 Thread 0x00000000199aa000 8348       4       java.util.Arrays::binarySearch (10 bytes)

GC Heap History (10 events):
Event: 5.656 GC heap before
{Heap before GC invocations=10 (full 2):
 PSYoungGen      total 117760K, used 105984K [0x00000000d5580000, 0x00000000e1b80000, 0x0000000100000000)
  eden space 105984K, 100% used [0x00000000d5580000,0x00000000dbd00000,0x00000000dbd00000)
  from space 11776K, 0% used [0x00000000dbd00000,0x00000000dbd00000,0x00000000dc880000)
  to   space 11776K, 0% used [0x00000000e1000000,0x00000000e1000000,0x00000000e1b80000)
 ParOldGen       total 143360K, used 14626K [0x0000000080000000, 0x0000000088c00000, 0x00000000d5580000)
  object space 143360K, 10% used [0x0000000080000000,0x0000000080e488f8,0x0000000088c00000)
 Metaspace       used 37789K, capacity 39558K, committed 39720K, reserved 1083392K
  class space    used 5235K, capacity 5601K, committed 5680K, reserved 1048576K
Event: 5.664 GC heap after
Heap after GC invocations=10 (full 2):
 PSYoungGen      total 165888K, used 8119K [0x00000000d5580000, 0x00000000e1800000, 0x0000000100000000)
  eden space 157696K, 0% used [0x00000000d5580000,0x00000000d5580000,0x00000000def80000)
  from space 8192K, 99% used [0x00000000e1000000,0x00000000e17eddd8,0x00000000e1800000)
  to   space 11264K, 0% used [0x00000000e0200000,0x00000000e0200000,0x00000000e0d00000)
 ParOldGen       total 143360K, used 14634K [0x0000000080000000, 0x0000000088c00000, 0x00000000d5580000)
  object space 143360K, 10% used [0x0000000080000000,0x0000000080e4a8f8,0x0000000088c00000)
 Metaspace       used 37789K, capacity 39558K, committed 39720K, reserved 1083392K
  class space    used 5235K, capacity 5601K, committed 5680K, reserved 1048576K
}
Event: 7.469 GC heap before
{Heap before GC invocations=11 (full 2):
 PSYoungGen      total 165888K, used 165815K [0x00000000d5580000, 0x00000000e1800000, 0x0000000100000000)
  eden space 157696K, 100% used [0x00000000d5580000,0x00000000def80000,0x00000000def80000)
  from space 8192K, 99% used [0x00000000e1000000,0x00000000e17eddd8,0x00000000e1800000)
  to   space 11264K, 0% used [0x00000000e0200000,0x00000000e0200000,0x00000000e0d00000)
 ParOldGen       total 143360K, used 14634K [0x0000000080000000, 0x0000000088c00000, 0x00000000d5580000)
  object space 143360K, 10% used [0x0000000080000000,0x0000000080e4a8f8,0x0000000088c00000)
 Metaspace       used 52813K, capacity 55032K, committed 55208K, reserved 1097728K
  class space    used 7120K, capacity 7598K, committed 7600K, reserved 1048576K
Event: 7.492 GC heap after
Heap after GC invocations=11 (full 2):
 PSYoungGen      total 187904K, used 11232K [0x00000000d5580000, 0x00000000e3d80000, 0x0000000100000000)
  eden space 176640K, 0% used [0x00000000d5580000,0x00000000d5580000,0x00000000e0200000)
  from space 11264K, 99% used [0x00000000e0200000,0x00000000e0cf8030,0x00000000e0d00000)
  to   space 17920K, 0% used [0x00000000e2c00000,0x00000000e2c00000,0x00000000e3d80000)
 ParOldGen       total 143360K, used 28393K [0x0000000080000000, 0x0000000088c00000, 0x00000000d5580000)
  object space 143360K, 19% used [0x0000000080000000,0x0000000081bba430,0x0000000088c00000)
 Metaspace       used 52813K, capacity 55032K, committed 55208K, reserved 1097728K
  class space    used 7120K, capacity 7598K, committed 7600K, reserved 1048576K
}
Event: 8.143 GC heap before
{Heap before GC invocations=12 (full 2):
 PSYoungGen      total 187904K, used 55986K [0x00000000d5580000, 0x00000000e3d80000, 0x0000000100000000)
  eden space 176640K, 25% used [0x00000000d5580000,0x00000000d8134908,0x00000000e0200000)
  from space 11264K, 99% used [0x00000000e0200000,0x00000000e0cf8030,0x00000000e0d00000)
  to   space 17920K, 0% used [0x00000000e2c00000,0x00000000e2c00000,0x00000000e3d80000)
 ParOldGen       total 143360K, used 28393K [0x0000000080000000, 0x0000000088c00000, 0x00000000d5580000)
  object space 143360K, 19% used [0x0000000080000000,0x0000000081bba430,0x0000000088c00000)
 Metaspace       used 56703K, capacity 59108K, committed 59160K, reserved 1099776K
  class space    used 7773K, capacity 8229K, committed 8240K, reserved 1048576K
Event: 8.157 GC heap after
Heap after GC invocations=12 (full 2):
 PSYoungGen      total 218112K, used 16264K [0x00000000d5580000, 0x00000000e5900000, 0x0000000100000000)
  eden space 200192K, 0% used [0x00000000d5580000,0x00000000d5580000,0x00000000e1900000)
  from space 17920K, 90% used [0x00000000e2c00000,0x00000000e3be21d0,0x00000000e3d80000)
  to   space 19456K, 0% used [0x00000000e1900000,0x00000000e1900000,0x00000000e2c00000)
 ParOldGen       total 143360K, used 28401K [0x0000000080000000, 0x0000000088c00000, 0x00000000d5580000)
  object space 143360K, 19% used [0x0000000080000000,0x0000000081bbc430,0x0000000088c00000)
 Metaspace       used 56703K, capacity 59108K, committed 59160K, reserved 1099776K
  class space    used 7773K, capacity 8229K, committed 8240K, reserved 1048576K
}
Event: 8.157 GC heap before
{Heap before GC invocations=13 (full 3):
 PSYoungGen      total 218112K, used 16264K [0x00000000d5580000, 0x00000000e5900000, 0x0000000100000000)
  eden space 200192K, 0% used [0x00000000d5580000,0x00000000d5580000,0x00000000e1900000)
  from space 17920K, 90% used [0x00000000e2c00000,0x00000000e3be21d0,0x00000000e3d80000)
  to   space 19456K, 0% used [0x00000000e1900000,0x00000000e1900000,0x00000000e2c00000)
 ParOldGen       total 143360K, used 28401K [0x0000000080000000, 0x0000000088c00000, 0x00000000d5580000)
  object space 143360K, 19% used [0x0000000080000000,0x0000000081bbc430,0x0000000088c00000)
 Metaspace       used 56703K, capacity 59108K, committed 59160K, reserved 1099776K
  class space    used 7773K, capacity 8229K, committed 8240K, reserved 1048576K
Event: 8.423 GC heap after
Heap after GC invocations=13 (full 3):
 PSYoungGen      total 218112K, used 0K [0x00000000d5580000, 0x00000000e5900000, 0x0000000100000000)
  eden space 200192K, 0% used [0x00000000d5580000,0x00000000d5580000,0x00000000e1900000)
  from space 17920K, 0% used [0x00000000e2c00000,0x00000000e2c00000,0x00000000e3d80000)
  to   space 19456K, 0% used [0x00000000e1900000,0x00000000e1900000,0x00000000e2c00000)
 ParOldGen       total 218112K, used 31924K [0x0000000080000000, 0x000000008d500000, 0x00000000d5580000)
  object space 218112K, 14% used [0x0000000080000000,0x0000000081f2d0f0,0x000000008d500000)
 Metaspace       used 56646K, capacity 58916K, committed 59160K, reserved 1099776K
  class space    used 7756K, capacity 8197K, committed 8240K, reserved 1048576K
}
Event: 10.863 GC heap before
{Heap before GC invocations=14 (full 3):
 PSYoungGen      total 218112K, used 200192K [0x00000000d5580000, 0x00000000e5900000, 0x0000000100000000)
  eden space 200192K, 100% used [0x00000000d5580000,0x00000000e1900000,0x00000000e1900000)
  from space 17920K, 0% used [0x00000000e2c00000,0x00000000e2c00000,0x00000000e3d80000)
  to   space 19456K, 0% used [0x00000000e1900000,0x00000000e1900000,0x00000000e2c00000)
 ParOldGen       total 218112K, used 31924K [0x0000000080000000, 0x000000008d500000, 0x00000000d5580000)
  object space 218112K, 14% used [0x0000000080000000,0x0000000081f2d0f0,0x000000008d500000)
 Metaspace       used 64483K, capacity 67866K, committed 67992K, reserved 1107968K
  class space    used 8949K, capacity 9580K, committed 9648K, reserved 1048576K
Event: 10.879 GC heap after
Heap after GC invocations=14 (full 3):
 PSYoungGen      total 219648K, used 19424K [0x00000000d5580000, 0x00000000e6780000, 0x0000000100000000)
  eden space 200192K, 0% used [0x00000000d5580000,0x00000000d5580000,0x00000000e1900000)
  from space 19456K, 99% used [0x00000000e1900000,0x00000000e2bf8010,0x00000000e2c00000)
  to   space 23040K, 0% used [0x00000000e5100000,0x00000000e5100000,0x00000000e6780000)
 ParOldGen       total 218112K, used 35990K [0x0000000080000000, 0x000000008d500000, 0x00000000d5580000)
  object space 218112K, 16% used [0x0000000080000000,0x00000000823258a0,0x000000008d500000)
 Metaspace       used 64483K, capacity 67866K, committed 67992K, reserved 1107968K
  class space    used 8949K, capacity 9580K, committed 9648K, reserved 1048576K
}

Deoptimization events (10 events):
Event: 12.294 Thread 0x000000001d912800 Uncommon trap: reason=bimorphic action=maybe_recompile pc=0x0000000004507bf4 method=com.sun.org.apache.xerces.internal.dom.ParentNode.checkNormalizationAfterInsert(Lcom/sun/org/apache/xerces/internal/dom/ChildNode;)V @ 23
Event: 12.351 Thread 0x000000001d912800 Uncommon trap: reason=unstable_if action=reinterpret pc=0x00000000046750f4 method=com.android.utils.XmlUtils.toXmlAttributeValue(Ljava/lang/String;)Ljava/lang/String; @ 33
Event: 12.351 Thread 0x000000001d912800 Uncommon trap: reason=unstable_if action=reinterpret pc=0x000000000456c45c method=com.android.utils.XmlUtils.toXmlAttributeValue(Ljava/lang/String;)Ljava/lang/String; @ 33
Event: 12.374 Thread 0x000000001d912800 Uncommon trap: reason=unstable_if action=reinterpret pc=0x00000000046707e4 method=com.android.utils.XmlUtils.append(Lcom/android/utils/XmlUtils$PositionAwareStringBuilder;Lorg/w3c/dom/Node;Ljava/util/Map;Ljava/util/Set;)V @ 540
Event: 12.377 Thread 0x000000001d912800 Uncommon trap: reason=unstable_if action=reinterpret pc=0x00000000046ae7bc method=sun.nio.cs.UTF_8$Encoder.encodeArrayLoop(Ljava/nio/CharBuffer;Ljava/nio/ByteBuffer;)Ljava/nio/charset/CoderResult; @ 175
Event: 12.464 Thread 0x000000001d914800 Uncommon trap: reason=unstable_if action=reinterpret pc=0x00000000041fd1d0 method=com.google.common.collect.MapMakerInternalMap$Segment.drainKeyReferenceQueue(Ljava/lang/ref/ReferenceQueue;)V @ 8
Event: 12.591 Thread 0x000000001d5c7000 Uncommon trap: reason=class_check action=maybe_recompile pc=0x000000000476fdf4 method=java.io.ObjectOutputStream$BlockDataOutputStream.write([BIIZ)V @ 23
Event: 12.591 Thread 0x000000001d5c7000 Uncommon trap: reason=class_check action=maybe_recompile pc=0x000000000476fdf4 method=java.io.ObjectOutputStream$BlockDataOutputStream.write([BIIZ)V @ 23
Event: 12.591 Thread 0x000000001d5c7000 Uncommon trap: reason=class_check action=maybe_recompile pc=0x000000000476fdf4 method=java.io.ObjectOutputStream$BlockDataOutputStream.write([BIIZ)V @ 23
Event: 12.591 Thread 0x000000001d5c7000 Uncommon trap: reason=class_check action=maybe_recompile pc=0x000000000476fdf4 method=java.io.ObjectOutputStream$BlockDataOutputStream.write([BIIZ)V @ 23

Classes redefined (0 events):
No events

Internal exceptions (10 events):
Event: 11.003 Thread 0x000000001d912800 Exception <a 'java/lang/NoSuchMethodError': <clinit>> (0x00000000d61a88f0) thrown at [C:\src\AOSP-openjdk-git\hotspot\src\share\vm\prims\jni.cpp, line 1615]
Event: 11.064 Thread 0x000000001d918800 Exception <a 'java/io/FileNotFoundException'> (0x00000000d6a2bfd8) thrown at [C:\src\AOSP-openjdk-git\hotspot\src\share\vm\prims\jni.cpp, line 710]
Event: 11.070 Thread 0x000000001d912800 Exception <a 'java/lang/NoSuchMethodError': <clinit>> (0x00000000d7a32c60) thrown at [C:\src\AOSP-openjdk-git\hotspot\src\share\vm\prims\jni.cpp, line 1615]
Event: 11.108 Thread 0x000000001d90e800 Exception <a 'java/io/FileNotFoundException'> (0x00000000d6ab4af8) thrown at [C:\src\AOSP-openjdk-git\hotspot\src\share\vm\prims\jni.cpp, line 710]
Event: 12.293 Thread 0x000000001d912800 Implicit null exception at 0x000000000463e6cf to 0x00000000046406b9
Event: 12.374 Thread 0x000000001d912800 Implicit null exception at 0x0000000004672ddc to 0x00000000046707b5
Event: 12.410 Thread 0x000000001d912800 Exception <a 'java/lang/NoSuchMethodError': <clinit>> (0x00000000dfe64a60) thrown at [C:\src\AOSP-openjdk-git\hotspot\src\share\vm\prims\jni.cpp, line 1615]
Event: 12.410 Thread 0x000000001d912800 Exception <a 'java/lang/NoSuchMethodError': <clinit>> (0x00000000dfe74e80) thrown at [C:\src\AOSP-openjdk-git\hotspot\src\share\vm\prims\jni.cpp, line 1615]
Event: 12.411 Thread 0x000000001d912800 Exception <a 'java/lang/NoSuchMethodError': <clinit>> (0x00000000dfe886d8) thrown at [C:\src\AOSP-openjdk-git\hotspot\src\share\vm\prims\jni.cpp, line 1615]
Event: 12.470 Thread 0x000000001d90d000 Exception <a 'java/lang/NoSuchMethodError': <clinit>> (0x00000000d6843690) thrown at [C:\src\AOSP-openjdk-git\hotspot\src\share\vm\prims\jni.cpp, line 1615]

Events (10 events):
Event: 12.591 Thread 0x000000001d5c7000 DEOPT UNPACKING pc=0x000000000307557b sp=0x000000001f28df60 mode 2
Event: 12.591 Thread 0x000000001d5c7000 Uncommon trap: trap_request=0xffffffde fr.pc=0x000000000476fdf4
Event: 12.591 Thread 0x000000001d5c7000 DEOPT PACKING pc=0x000000000476fdf4 sp=0x000000001f28d880
Event: 12.591 Thread 0x000000001d5c7000 DEOPT UNPACKING pc=0x000000000307557b sp=0x000000001f28d7c0 mode 2
Event: 12.591 Thread 0x000000001d5c7000 Uncommon trap: trap_request=0xffffffde fr.pc=0x000000000476fdf4
Event: 12.591 Thread 0x000000001d5c7000 DEOPT PACKING pc=0x000000000476fdf4 sp=0x000000001f28d0e0
Event: 12.591 Thread 0x000000001d5c7000 DEOPT UNPACKING pc=0x000000000307557b sp=0x000000001f28d020 mode 2
Event: 12.591 Thread 0x000000001d5c7000 Uncommon trap: trap_request=0xffffffde fr.pc=0x000000000476fdf4
Event: 12.591 Thread 0x000000001d5c7000 DEOPT PACKING pc=0x000000000476fdf4 sp=0x000000001f28c940
Event: 12.591 Thread 0x000000001d5c7000 DEOPT UNPACKING pc=0x000000000307557b sp=0x000000001f28c880 mode 2


Dynamic libraries:
0x00007ff6c65e0000 - 0x00007ff6c6611000 	C:\Program Files\Android\Android Studio\jre\bin\java.exe
0x00007ffad1360000 - 0x00007ffad1550000 	C:\WINDOWS\SYSTEM32\ntdll.dll
0x00007ffacf7f0000 - 0x00007ffacf8a2000 	C:\WINDOWS\System32\KERNEL32.DLL
0x00007fface570000 - 0x00007fface815000 	C:\WINDOWS\System32\KERNELBASE.dll
0x00007ffacf570000 - 0x00007ffacf613000 	C:\WINDOWS\System32\ADVAPI32.dll
0x00007ffacfe30000 - 0x00007ffacfece000 	C:\WINDOWS\System32\msvcrt.dll
0x00007ffacfb40000 - 0x00007ffacfbd7000 	C:\WINDOWS\System32\sechost.dll
0x00007ffad0d20000 - 0x00007ffad0e3f000 	C:\WINDOWS\System32\RPCRT4.dll
0x00007ffacfc90000 - 0x00007ffacfe24000 	C:\WINDOWS\System32\USER32.dll
0x00007ffaceba0000 - 0x00007ffacebc1000 	C:\WINDOWS\System32\win32u.dll
0x00007ffacf720000 - 0x00007ffacf746000 	C:\WINDOWS\System32\GDI32.dll
0x00007ffacea00000 - 0x00007ffaceb98000 	C:\WINDOWS\System32\gdi32full.dll
0x00007ffacf350000 - 0x00007ffacf3ee000 	C:\WINDOWS\System32\msvcp_win.dll
0x00007fface8d0000 - 0x00007fface9ca000 	C:\WINDOWS\System32\ucrtbase.dll
0x00007ffab40f0000 - 0x00007ffab4374000 	C:\WINDOWS\WinSxS\amd64_microsoft.windows.common-controls_6595b64144ccf1df_6.0.18362.1316_none_9e7a364fe461dbd7\COMCTL32.dll
0x00007ffad0640000 - 0x00007ffad0977000 	C:\WINDOWS\System32\combase.dll
0x00007fface330000 - 0x00007fface3b1000 	C:\WINDOWS\System32\bcryptPrimitives.dll
0x00007ffacf6f0000 - 0x00007ffacf71e000 	C:\WINDOWS\System32\IMM32.DLL
0x00000000710e0000 - 0x00000000711b2000 	C:\Program Files\Android\Android Studio\jre\jre\bin\msvcr100.dll
0x0000000070500000 - 0x0000000070d4b000 	C:\Program Files\Android\Android Studio\jre\jre\bin\server\jvm.dll
0x00007ffad1310000 - 0x00007ffad1318000 	C:\WINDOWS\System32\PSAPI.DLL
0x00007ffacbb90000 - 0x00007ffacbbb4000 	C:\WINDOWS\SYSTEM32\WINMM.dll
0x00007ffa98c20000 - 0x00007ffa98c29000 	C:\WINDOWS\SYSTEM32\WSOCK32.dll
0x00007ffac6780000 - 0x00007ffac678a000 	C:\WINDOWS\SYSTEM32\VERSION.dll
0x00007ffad0a30000 - 0x00007ffad0a9f000 	C:\WINDOWS\System32\WS2_32.dll
0x00007ffacb710000 - 0x00007ffacb73d000 	C:\WINDOWS\SYSTEM32\winmmbase.dll
0x00007fface2e0000 - 0x00007fface32a000 	C:\WINDOWS\System32\cfgmgr32.dll
0x00007ffac9b90000 - 0x00007ffac9b9f000 	C:\Program Files\Android\Android Studio\jre\jre\bin\verify.dll
0x00007ffac9b40000 - 0x00007ffac9b69000 	C:\Program Files\Android\Android Studio\jre\jre\bin\java.dll
0x00007ffac7620000 - 0x00007ffac7636000 	C:\Program Files\Android\Android Studio\jre\jre\bin\zip.dll
0x00007ffacff50000 - 0x00007ffad0638000 	C:\WINDOWS\System32\SHELL32.dll
0x00007ffacfbe0000 - 0x00007ffacfc87000 	C:\WINDOWS\System32\shcore.dll
0x00007ffacebd0000 - 0x00007ffacf34b000 	C:\WINDOWS\System32\windows.storage.dll
0x00007fface2b0000 - 0x00007fface2d3000 	C:\WINDOWS\System32\profapi.dll
0x00007fface260000 - 0x00007fface2aa000 	C:\WINDOWS\System32\powrprof.dll
0x00007fface210000 - 0x00007fface220000 	C:\WINDOWS\System32\UMPDC.dll
0x00007ffacfa70000 - 0x00007ffacfac2000 	C:\WINDOWS\System32\shlwapi.dll
0x00007fface240000 - 0x00007fface251000 	C:\WINDOWS\System32\kernel.appcore.dll
0x00007ffacf3f0000 - 0x00007ffacf407000 	C:\WINDOWS\System32\cryptsp.dll
0x00007ffac5cd0000 - 0x00007ffac5cea000 	C:\Program Files\Android\Android Studio\jre\jre\bin\net.dll
0x00007ffacda50000 - 0x00007ffacdab7000 	C:\WINDOWS\system32\mswsock.dll
0x00007ffac5c70000 - 0x00007ffac5c83000 	C:\Program Files\Android\Android Studio\jre\jre\bin\nio.dll
0x00007ffaa5780000 - 0x00007ffaa57a7000 	C:\Users\Jimmy\.gradle\native\f6784746aeab05261644944871eae4fe03e0ef1612fff0a4a95f87b438bc6780\windows-amd64\native-platform.dll
0x00007ffac9b80000 - 0x00007ffac9b8d000 	C:\Program Files\Android\Android Studio\jre\jre\bin\management.dll
0x00007ffacd5d0000 - 0x00007ffacd603000 	C:\WINDOWS\system32\rsaenh.dll
0x00007fface9d0000 - 0x00007fface9f6000 	C:\WINDOWS\System32\bcrypt.dll
0x00007fface130000 - 0x00007fface155000 	C:\WINDOWS\SYSTEM32\USERENV.dll
0x00007ffacdc20000 - 0x00007ffacdc2c000 	C:\WINDOWS\SYSTEM32\CRYPTBASE.dll
0x00007ffacd760000 - 0x00007ffacd79a000 	C:\WINDOWS\SYSTEM32\IPHLPAPI.DLL
0x00007ffacfee0000 - 0x00007ffacfee8000 	C:\WINDOWS\System32\NSI.dll
0x00007ffac51d0000 - 0x00007ffac51e6000 	C:\WINDOWS\SYSTEM32\dhcpcsvc6.DLL
0x00007ffac5050000 - 0x00007ffac506c000 	C:\WINDOWS\SYSTEM32\dhcpcsvc.DLL
0x00007ffacd7a0000 - 0x00007ffacd86b000 	C:\WINDOWS\SYSTEM32\DNSAPI.dll
0x00007ffac6690000 - 0x00007ffac669b000 	C:\WINDOWS\SYSTEM32\WINNSI.DLL
0x00007ffa829f0000 - 0x00007ffa82b8c000 	C:\Program Files\Android\Android Studio\jre\jre\bin\awt.dll
0x00007ffad0aa0000 - 0x00007ffad0b65000 	C:\WINDOWS\System32\OLEAUT32.dll
0x00007ffacc5f0000 - 0x00007ffacc61d000 	C:\WINDOWS\SYSTEM32\dwmapi.dll
0x00007ffaca7a0000 - 0x00007ffacad60000 	C:\WINDOWS\SYSTEM32\d2d1.dll
0x00007ffacbdc0000 - 0x00007ffacbe4f000 	C:\WINDOWS\SYSTEM32\apphelp.dll
0x00007ffacc1d0000 - 0x00007ffacc269000 	C:\WINDOWS\system32\uxtheme.dll

VM Arguments:
jvm_args: -Xmx2048m -Dfile.encoding=UTF-8 -Duser.country=ES -Duser.language=es -Duser.variant 
java_command: org.gradle.launcher.daemon.bootstrap.GradleDaemon 6.5
java_class_path (initial): C:\Users\Jimmy\.gradle\wrapper\dists\gradle-6.5-all\2oz4ud9k3tuxjg84bbf55q0tn\gradle-6.5\lib\gradle-launcher-6.5.jar
Launcher Type: SUN_STANDARD

Environment Variables:
JAVA_HOME=C:\Program Files\Java\jdk1.8.0_221
PATH=C:\Program Files (x86)\VMware\VMware Player\bin\;C:\Program Files\Java\jdk1.8.0_221\bin;C:\WINDOWS\system32;C:\WINDOWS;C:\WINDOWS\System32\Wbem;C:\WINDOWS\System32\WindowsPowerShell\v1.0\;C:\WINDOWS\System32\OpenSSH\;C:\Program Files\Calibre2\;C:\Program Files (x86)\NVIDIA Corporation\PhysX\Common;C:\Program Files\NVIDIA Corporation\NVIDIA NvDLISR;C:\Git\cmd;C:\Program Files\Python_3.9.0\Scripts\;C:\Program Files\Python_3.9.0\;C:\Program Files\Java\jdk1.8.0_221\bin;C:\Users\Jimmy\AppData\Local\Microsoft\WindowsApps;;C:\Users\Jimmy\AppData\Local\Programs\Microsoft VS Code\bin
USERNAME=Jimmy
OS=Windows_NT
PROCESSOR_IDENTIFIER=Intel64 Family 6 Model 158 Stepping 10, GenuineIntel



---------------  S Y S T E M  ---------------

OS: Windows 10.0 , 64 bit Build 18362 (10.0.18362.1316)

CPU:total 12 (initial active 12) (6 cores per cpu, 2 threads per core) family 6 model 158 stepping 10, cmov, cx8, fxsr, mmx, sse, sse2, sse3, ssse3, sse4.1, sse4.2, popcnt, avx, avx2, aes, clmul, erms, 3dnowpref, lzcnt, ht, tsc, tscinvbit, bmi1, bmi2, adx

Memory: 4k page, physical 16546068k(4777116k free), swap 16546068k(3064k free)

vm_info: OpenJDK 64-Bit Server VM (25.242-b01) for windows-amd64 JRE (1.8.0_242-release-1644-b01), built by "builder" with MS VC++ 10.0 (VS2010)

time: Fri Feb 12 13:21:00 2021
timezone: Hora estándar romance
elapsed time: 12 seconds (0d 0h 0m 12s)

