#
# There is insufficient memory for the Java Runtime Environment to continue.
# Native memory allocation (malloc) failed to allocate 292176 bytes for Chunk::new
# Possible reasons:
#   The system is out of physical RAM or swap space
#   The process is running with CompressedOops enabled, and the Java Heap may be blocking the growth of the native heap
# Possible solutions:
#   Reduce memory load on the system
#   Increase physical memory or swap space
#   Check if swap backing store is full
#   Decrease Java heap size (-Xmx/-Xms)
#   Decrease number of Java threads
#   Decrease Java thread stack sizes (-Xss)
#   Set larger code cache with -XX:ReservedCodeCacheSize=
#   JVM is running with Unscaled Compressed Oops mode in which the Java heap is
#     placed in the first 4GB address space. The Java Heap base address is the
#     maximum limit for the native heap growth. Please use -XX:HeapBaseMinAddress
#     to set the Java Heap base and to place the Java Heap above 4GB virtual address.
# This output file may be truncated or incomplete.
#
#  Out of Memory Error (allocation.cpp:389), pid=19068, tid=0x00000000000020b4
#
# JRE version: OpenJDK Runtime Environment (8.0_242-b01) (build 1.8.0_242-release-1644-b01)
# Java VM: OpenJDK 64-Bit Server VM (25.242-b01 mixed mode windows-amd64 compressed oops)
# Failed to write core dump. Minidumps are not enabled by default on client versions of Windows
#

---------------  T H R E A D  ---------------

Current thread (0x0000000019aa8000):  JavaThread "C2 CompilerThread2" daemon [_thread_in_native, id=8372, stack(0x000000001b300000,0x000000001b400000)]

Stack: [0x000000001b300000,0x000000001b400000]
[error occurred during error reporting (printing stack bounds), id 0xc0000005]

Native frames: (J=compiled Java code, j=interpreted, Vv=VM code, C=native code)


Current CompileTask:
C2: 114981 11675       4       java.lang.Class::annotationData (44 bytes)


---------------  P R O C E S S  ---------------

Java Threads: ( => current thread )
  0x0000000025e01000 JavaThread "stdout" [_thread_in_native, id=11760, stack(0x0000000034b20000,0x0000000034c20000)]
  0x0000000025df9800 JavaThread "stderr" [_thread_in_native, id=8788, stack(0x0000000034a20000,0x0000000034b20000)]
  0x0000000025e00800 JavaThread "stdout" [_thread_in_native, id=2596, stack(0x0000000034920000,0x0000000034a20000)]
  0x0000000025df9000 JavaThread "stderr" [_thread_in_native, id=16996, stack(0x0000000034820000,0x0000000034920000)]
  0x0000000025dfc800 JavaThread "stdout" [_thread_in_native, id=3452, stack(0x0000000034720000,0x0000000034820000)]
  0x0000000025dff800 JavaThread "stderr" [_thread_in_native, id=5156, stack(0x0000000034620000,0x0000000034720000)]
  0x0000000025dff000 JavaThread "stdout" [_thread_in_native, id=14712, stack(0x0000000034520000,0x0000000034620000)]
  0x0000000025dfc000 JavaThread "stderr" [_thread_in_native, id=8460, stack(0x0000000034420000,0x0000000034520000)]
  0x0000000025dfa800 JavaThread "stdout" [_thread_in_native, id=19096, stack(0x0000000034320000,0x0000000034420000)]
  0x0000000025df8000 JavaThread "stderr" [_thread_in_native, id=5628, stack(0x0000000034220000,0x0000000034320000)]
  0x0000000025dfe000 JavaThread "stdout" [_thread_in_native, id=17152, stack(0x0000000034120000,0x0000000034220000)]
  0x0000000022d84800 JavaThread "stderr" [_thread_in_native, id=18236, stack(0x0000000034020000,0x0000000034120000)]
  0x000000001bda7000 JavaThread "stdout" [_thread_in_native, id=9280, stack(0x0000000033f20000,0x0000000034020000)]
  0x000000001bdae000 JavaThread "stderr" [_thread_in_native, id=16760, stack(0x0000000033e20000,0x0000000033f20000)]
  0x000000001bdac800 JavaThread "stdout" [_thread_in_native, id=3972, stack(0x0000000033d20000,0x0000000033e20000)]
  0x000000001bdaa000 JavaThread "stderr" [_thread_in_native, id=9228, stack(0x0000000033c20000,0x0000000033d20000)]
  0x000000001bda9000 JavaThread "pool-4-thread-1" [_thread_blocked, id=14460, stack(0x0000000033b20000,0x0000000033c20000)]
  0x000000001bdab800 JavaThread "MarlinRenderer Disposer" daemon [_thread_blocked, id=14148, stack(0x0000000033820000,0x0000000033920000)]
  0x000000001bdaa800 JavaThread "Java2D Disposer" daemon [_thread_blocked, id=17076, stack(0x0000000033710000,0x0000000033810000)]
  0x000000001bda8800 JavaThread "WorkerExecutor Queue Thread 12" [_thread_blocked, id=13412, stack(0x0000000033210000,0x0000000033310000)]
  0x000000001bdad000 JavaThread "WorkerExecutor Queue Thread 11" [_thread_blocked, id=14288, stack(0x0000000033110000,0x0000000033210000)]
  0x0000000022d87800 JavaThread "WorkerExecutor Queue Thread 10" [_thread_blocked, id=17692, stack(0x0000000033010000,0x0000000033110000)]
  0x0000000022d86800 JavaThread "WorkerExecutor Queue Thread 9" [_thread_blocked, id=8436, stack(0x0000000032f10000,0x0000000033010000)]
  0x0000000022d8a800 JavaThread "WorkerExecutor Queue Thread 8" [_thread_blocked, id=13940, stack(0x0000000032e10000,0x0000000032f10000)]
  0x0000000022d89800 JavaThread "WorkerExecutor Queue Thread 7" [_thread_blocked, id=19280, stack(0x0000000032d10000,0x0000000032e10000)]
  0x0000000022d88000 JavaThread "WorkerExecutor Queue Thread 6" [_thread_blocked, id=13724, stack(0x0000000032c10000,0x0000000032d10000)]
  0x0000000022d86000 JavaThread "WorkerExecutor Queue Thread 5" [_thread_blocked, id=16836, stack(0x0000000032b10000,0x0000000032c10000)]
  0x0000000022d89000 JavaThread "WorkerExecutor Queue Thread 4" [_thread_blocked, id=16148, stack(0x0000000032a10000,0x0000000032b10000)]
  0x0000000022d7e800 JavaThread "WorkerExecutor Queue Thread 3" [_thread_blocked, id=168, stack(0x0000000032910000,0x0000000032a10000)]
  0x0000000022d85000 JavaThread "WorkerExecutor Queue Thread 2" [_thread_blocked, id=9036, stack(0x0000000032810000,0x0000000032910000)]
  0x0000000022d83800 JavaThread "WorkerExecutor Queue" [_thread_blocked, id=7868, stack(0x0000000032710000,0x0000000032810000)]
  0x0000000022d7c000 JavaThread "Cache worker for execution history cache (D:\Documentos\Interfaces\MitYoAl\.gradle\6.5\executionHistory)" [_thread_blocked, id=18216, stack(0x0000000032410000,0x0000000032510000)]
  0x0000000022d83000 JavaThread "Execution worker for ':' Thread 11" [_thread_blocked, id=15596, stack(0x0000000032310000,0x0000000032410000)]
  0x0000000022d7b000 JavaThread "Execution worker for ':' Thread 10" [_thread_blocked, id=3672, stack(0x0000000032210000,0x0000000032310000)]
  0x0000000022d81800 JavaThread "Execution worker for ':' Thread 9" [_thread_blocked, id=4040, stack(0x0000000032110000,0x0000000032210000)]
  0x0000000022d80000 JavaThread "Execution worker for ':' Thread 8" [_thread_blocked, id=19196, stack(0x0000000032010000,0x0000000032110000)]
  0x0000000022d7d000 JavaThread "Execution worker for ':' Thread 7" [_thread_blocked, id=11424, stack(0x0000000031f10000,0x0000000032010000)]
  0x0000000022d80800 JavaThread "Execution worker for ':' Thread 6" [_thread_blocked, id=19348, stack(0x0000000031e10000,0x0000000031f10000)]
  0x0000000022d7f000 JavaThread "Execution worker for ':' Thread 5" [_thread_blocked, id=18172, stack(0x0000000031d10000,0x0000000031e10000)]
  0x0000000022d82000 JavaThread "Execution worker for ':' Thread 4" [_thread_blocked, id=4100, stack(0x000000002f180000,0x000000002f280000)]
  0x000000001c869000 JavaThread "Execution worker for ':' Thread 3" [_thread_in_native, id=1816, stack(0x000000002ee80000,0x000000002ef80000)]
  0x000000001c867800 JavaThread "Execution worker for ':' Thread 2" [_thread_blocked, id=1916, stack(0x000000002eb70000,0x000000002ec70000)]
  0x000000001c866800 JavaThread "Execution worker for ':'" [_thread_blocked, id=13456, stack(0x000000002e710000,0x000000002e810000)]
  0x000000001c866000 JavaThread "Cache worker for file content cache (D:\Documentos\Interfaces\MitYoAl\.gradle\6.5\fileContent)" [_thread_blocked, id=19188, stack(0x000000002bfc0000,0x000000002c0c0000)]
  0x000000001c865000 JavaThread "Cache worker for Build Output Cleanup Cache (D:\Documentos\Interfaces\MitYoAl\.gradle\buildOutputCleanup)" [_thread_blocked, id=18788, stack(0x000000002bec0000,0x000000002bfc0000)]
  0x000000001c868000 JavaThread "jar transforms Thread 184" [_thread_blocked, id=10536, stack(0x000000002bdc0000,0x000000002bec0000)]
  0x000000001c864800 JavaThread "jar transforms Thread 183" [_thread_blocked, id=3156, stack(0x000000002bcc0000,0x000000002bdc0000)]
  0x000000001c85f000 JavaThread "jar transforms Thread 182" [_thread_blocked, id=17548, stack(0x000000002bbc0000,0x000000002bcc0000)]
  0x000000001c85d000 JavaThread "jar transforms Thread 181" [_thread_blocked, id=15256, stack(0x000000002bac0000,0x000000002bbc0000)]
  0x000000001c85e800 JavaThread "jar transforms Thread 180" [_thread_blocked, id=15472, stack(0x000000002b9c0000,0x000000002bac0000)]
  0x000000001c863800 JavaThread "jar transforms Thread 179" [_thread_blocked, id=7668, stack(0x000000002b8c0000,0x000000002b9c0000)]
  0x000000001c85c000 JavaThread "jar transforms Thread 178" [_thread_blocked, id=17736, stack(0x000000002b7c0000,0x000000002b8c0000)]
  0x000000001c863000 JavaThread "jar transforms Thread 177" [_thread_blocked, id=17440, stack(0x000000002b6c0000,0x000000002b7c0000)]
  0x000000001c85d800 JavaThread "jar transforms Thread 176" [_thread_blocked, id=7292, stack(0x000000002b5c0000,0x000000002b6c0000)]
  0x000000001c85b800 JavaThread "jar transforms Thread 175" [_thread_blocked, id=17700, stack(0x000000002b4c0000,0x000000002b5c0000)]
  0x000000001c862000 JavaThread "jar transforms Thread 174" [_thread_blocked, id=10816, stack(0x000000002b3c0000,0x000000002b4c0000)]
  0x000000001c85a800 JavaThread "jar transforms Thread 173" [_thread_blocked, id=3272, stack(0x000000002b2c0000,0x000000002b3c0000)]
  0x000000001c861800 JavaThread "jar transforms Thread 172" [_thread_blocked, id=1828, stack(0x000000002b1c0000,0x000000002b2c0000)]
  0x000000001c860000 JavaThread "jar transforms Thread 171" [_thread_blocked, id=17424, stack(0x000000002b0c0000,0x000000002b1c0000)]
  0x000000001c85a000 JavaThread "jar transforms Thread 170" [_thread_blocked, id=13620, stack(0x000000002afc0000,0x000000002b0c0000)]
  0x000000001c860800 JavaThread "jar transforms Thread 169" [_thread_blocked, id=12444, stack(0x000000002aec0000,0x000000002afc0000)]
  0x00000000261ac800 JavaThread "jar transforms Thread 168" [_thread_blocked, id=19328, stack(0x000000002adc0000,0x000000002aec0000)]
  0x00000000261af000 JavaThread "jar transforms Thread 167" [_thread_blocked, id=9320, stack(0x000000002acc0000,0x000000002adc0000)]
  0x00000000261ae000 JavaThread "jar transforms Thread 166" [_thread_blocked, id=19232, stack(0x000000002abc0000,0x000000002acc0000)]
  0x00000000261ac000 JavaThread "jar transforms Thread 165" [_thread_blocked, id=18324, stack(0x000000002aac0000,0x000000002abc0000)]
  0x00000000261aa800 JavaThread "jar transforms Thread 164" [_thread_blocked, id=19336, stack(0x000000002a9c0000,0x000000002aac0000)]
  0x00000000261a9800 JavaThread "jar transforms Thread 163" [_thread_blocked, id=9972, stack(0x000000002a8c0000,0x000000002a9c0000)]
  0x00000000261af800 JavaThread "jar transforms Thread 162" [_thread_blocked, id=14484, stack(0x000000002a7c0000,0x000000002a8c0000)]
  0x00000000261ab000 JavaThread "jar transforms Thread 161" [_thread_blocked, id=1608, stack(0x000000002a6c0000,0x000000002a7c0000)]
  0x00000000261b0800 JavaThread "jar transforms Thread 160" [_thread_blocked, id=14756, stack(0x000000002a5c0000,0x000000002a6c0000)]
  0x00000000261ad800 JavaThread "jar transforms Thread 159" [_thread_blocked, id=18340, stack(0x000000002a4c0000,0x000000002a5c0000)]
  0x00000000261a9000 JavaThread "jar transforms Thread 158" [_thread_blocked, id=104, stack(0x000000002a3c0000,0x000000002a4c0000)]
  0x00000000261a1000 JavaThread "jar transforms Thread 157" [_thread_blocked, id=256, stack(0x000000002a2c0000,0x000000002a3c0000)]
  0x00000000261a8000 JavaThread "jar transforms Thread 156" [_thread_blocked, id=19240, stack(0x000000002a1c0000,0x000000002a2c0000)]
  0x00000000261a5800 JavaThread "jar transforms Thread 155" [_thread_blocked, id=17008, stack(0x000000002a0c0000,0x000000002a1c0000)]
  0x00000000261a4000 JavaThread "jar transforms Thread 154" [_thread_blocked, id=6328, stack(0x0000000029fc0000,0x000000002a0c0000)]
  0x00000000261a2800 JavaThread "jar transforms Thread 153" [_thread_blocked, id=15948, stack(0x0000000029ec0000,0x0000000029fc0000)]
  0x00000000261a6800 JavaThread "jar transforms Thread 152" [_thread_blocked, id=17888, stack(0x0000000029dc0000,0x0000000029ec0000)]
  0x00000000261a7000 JavaThread "jar transforms Thread 151" [_thread_blocked, id=16208, stack(0x0000000029cc0000,0x0000000029dc0000)]
  0x00000000261a2000 JavaThread "jar transforms Thread 150" [_thread_blocked, id=5904, stack(0x0000000029bc0000,0x0000000029cc0000)]
  0x00000000261a5000 JavaThread "jar transforms Thread 149" [_thread_blocked, id=1184, stack(0x0000000029ac0000,0x0000000029bc0000)]
  0x00000000261a3800 JavaThread "jar transforms Thread 148" [_thread_blocked, id=12596, stack(0x00000000299c0000,0x0000000029ac0000)]
  0x000000001d56c000 JavaThread "jar transforms Thread 147" [_thread_blocked, id=18780, stack(0x00000000298c0000,0x00000000299c0000)]
  0x000000001d566000 JavaThread "jar transforms Thread 146" [_thread_blocked, id=7736, stack(0x00000000297c0000,0x00000000298c0000)]
  0x000000001d566800 JavaThread "jar transforms Thread 145" [_thread_blocked, id=6656, stack(0x00000000296c0000,0x00000000297c0000)]
  0x000000001d56b000 JavaThread "jar transforms Thread 144" [_thread_blocked, id=12380, stack(0x00000000295c0000,0x00000000296c0000)]
  0x000000001d569000 JavaThread "jar transforms Thread 143" [_thread_blocked, id=10780, stack(0x00000000294c0000,0x00000000295c0000)]
  0x000000001d56c800 JavaThread "jar transforms Thread 142" [_thread_blocked, id=3204, stack(0x00000000293c0000,0x00000000294c0000)]
  0x000000001d568000 JavaThread "jar transforms Thread 141" [_thread_blocked, id=10440, stack(0x00000000292c0000,0x00000000293c0000)]
  0x000000001d56a800 JavaThread "jar transforms Thread 140" [_thread_blocked, id=2116, stack(0x00000000291c0000,0x00000000292c0000)]
  0x000000001c830000 JavaThread "jar transforms Thread 139" [_thread_blocked, id=7512, stack(0x00000000290c0000,0x00000000291c0000)]
  0x000000001c82e800 JavaThread "jar transforms Thread 138" [_thread_blocked, id=2712, stack(0x0000000028fc0000,0x00000000290c0000)]
  0x000000001c82b800 JavaThread "jar transforms Thread 137" [_thread_blocked, id=18932, stack(0x0000000028ec0000,0x0000000028fc0000)]
  0x000000001c82f800 JavaThread "jar transforms Thread 136" [_thread_blocked, id=18428, stack(0x0000000028dc0000,0x0000000028ec0000)]
  0x000000001c82d000 JavaThread "jar transforms Thread 135" [_thread_blocked, id=2812, stack(0x0000000028cc0000,0x0000000028dc0000)]
  0x000000001c82c800 JavaThread "jar transforms Thread 134" [_thread_blocked, id=18940, stack(0x0000000028bc0000,0x0000000028cc0000)]
  0x000000001c82e000 JavaThread "jar transforms Thread 133" [_thread_blocked, id=19160, stack(0x0000000028ac0000,0x0000000028bc0000)]
  0x000000001c824000 JavaThread "jar transforms Thread 132" [_thread_blocked, id=14600, stack(0x00000000289c0000,0x0000000028ac0000)]
  0x000000001c82b000 JavaThread "jar transforms Thread 131" [_thread_blocked, id=18684, stack(0x00000000288c0000,0x00000000289c0000)]
  0x000000001c828000 JavaThread "jar transforms Thread 130" [_thread_blocked, id=9276, stack(0x00000000287c0000,0x00000000288c0000)]
  0x000000001c827000 JavaThread "jar transforms Thread 129" [_thread_blocked, id=6184, stack(0x00000000286c0000,0x00000000287c0000)]
  0x000000001c825000 JavaThread "jar transforms Thread 128" [_thread_blocked, id=17800, stack(0x00000000285c0000,0x00000000286c0000)]
  0x000000001c822800 JavaThread "jar transforms Thread 127" [_thread_blocked, id=15376, stack(0x00000000284c0000,0x00000000285c0000)]
  0x000000001c825800 JavaThread "jar transforms Thread 126" [_thread_blocked, id=11068, stack(0x00000000283c0000,0x00000000284c0000)]
  0x000000001c821000 JavaThread "jar transforms Thread 125" [_thread_blocked, id=7452, stack(0x00000000282c0000,0x00000000283c0000)]
  0x000000001c823800 JavaThread "jar transforms Thread 124" [_thread_blocked, id=2204, stack(0x00000000281c0000,0x00000000282c0000)]
  0x000000001c99b800 JavaThread "jar transforms Thread 123" [_thread_blocked, id=16200, stack(0x00000000280c0000,0x00000000281c0000)]
  0x000000001c99a000 JavaThread "jar transforms Thread 122" [_thread_blocked, id=19360, stack(0x0000000027fc0000,0x00000000280c0000)]
  0x000000001c994000 JavaThread "jar transforms Thread 121" [_thread_blocked, id=932, stack(0x0000000027ec0000,0x0000000027fc0000)]
  0x000000001c99a800 JavaThread "jar transforms Thread 120" [_thread_blocked, id=15924, stack(0x0000000027dc0000,0x0000000027ec0000)]
  0x000000001c992800 JavaThread "jar transforms Thread 119" [_thread_blocked, id=5672, stack(0x0000000027cc0000,0x0000000027dc0000)]
  0x000000001c999000 JavaThread "jar transforms Thread 118" [_thread_blocked, id=19396, stack(0x0000000027bc0000,0x0000000027cc0000)]
  0x000000001c998800 JavaThread "jar transforms Thread 117" [_thread_blocked, id=15076, stack(0x0000000027840000,0x0000000027940000)]
  0x000000001c993000 JavaThread "jar transforms Thread 116" [_thread_blocked, id=5844, stack(0x0000000027740000,0x0000000027840000)]
  0x000000001c997800 JavaThread "jar transforms Thread 115" [_thread_blocked, id=14176, stack(0x0000000027640000,0x0000000027740000)]
  0x000000001c997000 JavaThread "jar transforms Thread 114" [_thread_blocked, id=1544, stack(0x0000000027540000,0x0000000027640000)]
  0x000000001c991800 JavaThread "jar transforms Thread 113" [_thread_blocked, id=19168, stack(0x0000000027440000,0x0000000027540000)]
  0x000000001c991000 JavaThread "jar transforms Thread 112" [_thread_blocked, id=13928, stack(0x0000000027340000,0x0000000027440000)]
  0x000000001c996000 JavaThread "jar transforms Thread 111" [_thread_blocked, id=16532, stack(0x0000000027240000,0x0000000027340000)]
  0x000000001c995800 JavaThread "jar transforms Thread 110" [_thread_blocked, id=2820, stack(0x0000000027140000,0x0000000027240000)]
  0x000000001c98f800 JavaThread "jar transforms Thread 109" [_thread_blocked, id=15300, stack(0x0000000027040000,0x0000000027140000)]
  0x000000001c990000 JavaThread "jar transforms Thread 108" [_thread_blocked, id=3036, stack(0x0000000026f40000,0x0000000027040000)]
  0x000000001cb02800 JavaThread "jar transforms Thread 107" [_thread_blocked, id=7404, stack(0x0000000026e40000,0x0000000026f40000)]
  0x000000001cb06800 JavaThread "jar transforms Thread 106" [_thread_blocked, id=18832, stack(0x0000000026d40000,0x0000000026e40000)]
  0x000000001cb05800 JavaThread "jar transforms Thread 105" [_thread_blocked, id=18984, stack(0x0000000025bb0000,0x0000000025cb0000)]
  0x000000001cb02000 JavaThread "jar transforms Thread 104" [_thread_blocked, id=396, stack(0x0000000025ab0000,0x0000000025bb0000)]
  0x000000001cb07000 JavaThread "jar transforms Thread 103" [_thread_blocked, id=17724, stack(0x0000000025380000,0x0000000025480000)]
  0x000000001cb05000 JavaThread "jar transforms Thread 102" [_thread_blocked, id=16152, stack(0x0000000025060000,0x0000000025160000)]
  0x000000001cb04000 JavaThread "jar transforms Thread 101" [_thread_blocked, id=19296, stack(0x0000000024760000,0x0000000024860000)]
  0x000000001cb03800 JavaThread "jar transforms Thread 100" [_thread_blocked, id=18248, stack(0x0000000024260000,0x0000000024360000)]
  0x000000001cafa800 JavaThread "jar transforms Thread 99" [_thread_blocked, id=16356, stack(0x0000000024160000,0x0000000024260000)]
  0x000000001cafe000 JavaThread "jar transforms Thread 98" [_thread_blocked, id=2900, stack(0x0000000024060000,0x0000000024160000)]
  0x000000001cafc000 JavaThread "jar transforms Thread 97" [_thread_blocked, id=17728, stack(0x0000000023f60000,0x0000000024060000)]
  0x000000001cb01000 JavaThread "jar transforms Thread 96" [_thread_blocked, id=10340, stack(0x0000000023e60000,0x0000000023f60000)]
  0x000000001cb00800 JavaThread "jar transforms Thread 95" [_thread_blocked, id=4396, stack(0x0000000023c60000,0x0000000023d60000)]
  0x000000001caf8800 JavaThread "jar transforms Thread 94" [_thread_blocked, id=11216, stack(0x0000000023b60000,0x0000000023c60000)]
  0x000000001caff800 JavaThread "jar transforms Thread 93" [_thread_blocked, id=19100, stack(0x0000000023a60000,0x0000000023b60000)]
  0x000000001caf8000 JavaThread "Build operations Thread 12" [_thread_blocked, id=5916, stack(0x0000000023960000,0x0000000023a60000)]
  0x000000001cafb000 JavaThread "Build operations Thread 11" [_thread_blocked, id=9392, stack(0x0000000023860000,0x0000000023960000)]
  0x000000001caf9800 JavaThread "Build operations Thread 10" [_thread_blocked, id=8800, stack(0x0000000023760000,0x0000000023860000)]
  0x000000002022e000 JavaThread "Build operations Thread 9" [_thread_blocked, id=17324, stack(0x0000000023660000,0x0000000023760000)]
  0x000000002022d000 JavaThread "Build operations Thread 8" [_thread_blocked, id=16824, stack(0x0000000023560000,0x0000000023660000)]
  0x0000000020232800 JavaThread "Build operations Thread 7" [_thread_blocked, id=16616, stack(0x0000000023460000,0x0000000023560000)]
  0x000000002022b000 JavaThread "Build operations Thread 6" [_thread_blocked, id=16920, stack(0x0000000023360000,0x0000000023460000)]
  0x000000002022c800 JavaThread "Build operations Thread 5" [_thread_blocked, id=18692, stack(0x0000000023260000,0x0000000023360000)]
  0x0000000020231800 JavaThread "Build operations Thread 4" [_thread_blocked, id=10848, stack(0x0000000023160000,0x0000000023260000)]
  0x000000002022b800 JavaThread "Build operations Thread 3" [_thread_blocked, id=15976, stack(0x0000000021fb0000,0x00000000220b0000)]
  0x0000000020230000 JavaThread "Build operations Thread 2" [_thread_blocked, id=17136, stack(0x0000000021bf0000,0x0000000021cf0000)]
  0x0000000020231000 JavaThread "Build operations" [_thread_blocked, id=19428, stack(0x0000000021af0000,0x0000000021bf0000)]
  0x000000002022e800 JavaThread "Cache worker for cache directory md-rule (C:\Users\Jimmy\.gradle\caches\6.5\md-rule)" [_thread_blocked, id=4164, stack(0x00000000219f0000,0x0000000021af0000)]
  0x0000000020228800 JavaThread "Cache worker for cache directory md-supplier (C:\Users\Jimmy\.gradle\caches\6.5\md-supplier)" [_thread_blocked, id=18184, stack(0x000000001f250000,0x000000001f350000)]
  0x000000002022f800 JavaThread "Cache worker for checksums cache (D:\Documentos\Interfaces\MitYoAl\.gradle\checksums)" [_thread_blocked, id=2292, stack(0x000000001f150000,0x000000001f250000)]
  0x0000000020224000 JavaThread "Cache worker for file hash cache (D:\Documentos\Interfaces\MitYoAl\.gradle\6.5\fileHashes)" [_thread_blocked, id=16168, stack(0x000000001f050000,0x000000001f150000)]
  0x0000000020228000 JavaThread "Thread-142" [_thread_blocked, id=312, stack(0x000000001ef50000,0x000000001f050000)]
  0x0000000020226800 JavaThread "Stdin handler" [_thread_blocked, id=19356, stack(0x000000001ee50000,0x000000001ef50000)]
  0x0000000020225000 JavaThread "Asynchronous log dispatcher for DefaultDaemonConnection: socket connection from /127.0.0.1:56443 to /127.0.0.1:56500" [_thread_blocked, id=16500, stack(0x000000001ed50000,0x000000001ee50000)]
  0x0000000020229800 JavaThread "Daemon worker Thread 2" [_thread_blocked, id=11284, stack(0x000000001ec50000,0x000000001ed50000)]
  0x0000000020227000 JavaThread "Cancel handler" [_thread_blocked, id=18944, stack(0x0000000001480000,0x0000000001580000)]
  0x000000002022a000 JavaThread "Handler for socket connection from /127.0.0.1:56443 to /127.0.0.1:56500" [_thread_in_native, id=19304, stack(0x0000000001310000,0x0000000001410000)]
  0x0000000020225800 JavaThread "Daemon Thread 2" [_thread_blocked, id=18040, stack(0x0000000001210000,0x0000000001310000)]
  0x000000001c826800 JavaThread "Memory manager" [_thread_blocked, id=19156, stack(0x000000002c990000,0x000000002ca90000)]
  0x000000001c99d800 JavaThread "Cache worker for file content cache (C:\Users\Jimmy\.gradle\caches\6.5\fileContent)" [_thread_blocked, id=10236, stack(0x0000000024f60000,0x0000000025060000)]
  0x000000001c994800 JavaThread "Cache worker for execution history cache (C:\Users\Jimmy\.gradle\caches\6.5\executionHistory)" [_thread_blocked, id=316, stack(0x0000000024a60000,0x0000000024b60000)]
  0x000000001d567800 JavaThread "Cache worker for file hash cache (C:\Users\Jimmy\.gradle\caches\6.5\fileHashes)" [_thread_blocked, id=2784, stack(0x000000001f750000,0x000000001f850000)]
  0x000000001d569800 JavaThread "File lock request listener" [_thread_in_native, id=14312, stack(0x000000001f650000,0x000000001f750000)]
  0x0000000019ba6800 JavaThread "Cache worker for journal cache (C:\Users\Jimmy\.gradle\caches\journal-1)" [_thread_blocked, id=8272, stack(0x000000001f550000,0x000000001f650000)]
  0x000000001d412800 JavaThread "Daemon periodic checks" [_thread_blocked, id=3884, stack(0x000000001e950000,0x000000001ea50000)]
  0x000000001d3f4000 JavaThread "Incoming local TCP Connector on port 56443" [_thread_in_native, id=19132, stack(0x000000001e6e0000,0x000000001e7e0000)]
  0x000000001d38f800 JavaThread "Daemon health stats" [_thread_blocked, id=19256, stack(0x000000001e0a0000,0x000000001e1a0000)]
  0x0000000019ac6000 JavaThread "Service Thread" daemon [_thread_blocked, id=10884, stack(0x000000001b500000,0x000000001b600000)]
  0x0000000019aaa000 JavaThread "C1 CompilerThread3" daemon [_thread_blocked, id=16312, stack(0x000000001b400000,0x000000001b500000)]
=>0x0000000019aa8000 JavaThread "C2 CompilerThread2" daemon [_thread_in_native, id=8372, stack(0x000000001b300000,0x000000001b400000)]
  0x0000000019a9f800 JavaThread "C2 CompilerThread1" daemon [_thread_in_native, id=15008, stack(0x000000001b200000,0x000000001b300000)]
  0x0000000019a9a800 JavaThread "C2 CompilerThread0" daemon [_thread_in_native, id=17372, stack(0x000000001b100000,0x000000001b200000)]
  0x0000000019a94800 JavaThread "Attach Listener" daemon [_thread_blocked, id=9676, stack(0x000000001b000000,0x000000001b100000)]
  0x0000000019a93800 JavaThread "Signal Dispatcher" daemon [_thread_blocked, id=18028, stack(0x000000001af00000,0x000000001b000000)]
  0x000000000314a800 JavaThread "Finalizer" daemon [_thread_blocked, id=2916, stack(0x000000001ace0000,0x000000001ade0000)]
  0x0000000019a83000 JavaThread "Reference Handler" daemon [_thread_blocked, id=6784, stack(0x000000001abe0000,0x000000001ace0000)]
  0x000000000304e800 JavaThread "main" [_thread_blocked, id=19020, stack(0x0000000002ec0000,0x0000000002fc0000)]

Other Threads:
  0x0000000019a62800 VMThread [stack: 0x000000001aae0000,0x000000001abe0000] [id=18012]
  0x0000000019ac7800 WatcherThread [stack: 0x000000001b600000,0x000000001b700000] [id=18408]

VM state:not at safepoint (normal execution)

VM Mutex/Monitor currently owned by a thread: None

heap address: 0x0000000080000000, size: 2048 MB, Compressed Oops mode: 32-bit
Narrow klass base: 0x0000000000000000, Narrow klass shift: 3
Compressed class space size: 1073741824 Address: 0x0000000100000000

Heap:
 PSYoungGen      total 252928K, used 32549K [0x00000000d5580000, 0x00000000e6d80000, 0x0000000100000000)
  eden space 230912K, 4% used [0x00000000d5580000,0x00000000d6003b48,0x00000000e3700000)
  from space 22016K, 99% used [0x00000000e5180000,0x00000000e66ffff8,0x00000000e6700000)
  to   space 27136K, 0% used [0x00000000e3700000,0x00000000e3700000,0x00000000e5180000)
 ParOldGen       total 210944K, used 134342K [0x0000000080000000, 0x000000008ce00000, 0x00000000d5580000)
  object space 210944K, 63% used [0x0000000080000000,0x0000000088331b68,0x000000008ce00000)
 Metaspace       used 92536K, capacity 97363K, committed 97496K, reserved 1134592K
  class space    used 12297K, capacity 13297K, committed 13312K, reserved 1048576K

Card table byte_map: [0x0000000012510000,0x0000000012920000] byte_map_base: 0x0000000012110000

Marking Bits: (ParMarkBitMap*) 0x0000000070ccf030
 Begin Bits: [0x00000000135d0000, 0x00000000155d0000)
 End Bits:   [0x00000000155d0000, 0x00000000175d0000)

Polling page: 0x0000000001100000

CodeCache: size=245760Kb used=33243Kb max_used=33243Kb free=212516Kb
 bounds [0x0000000003150000, 0x00000000051f0000, 0x0000000012150000]
 total_blobs=11408 nmethods=10434 adapters=886
 compilation: enabled

Compilation events (10 events):
Event: 114.545 Thread 0x0000000019aaa000 11952       3       java.nio.file.FileTreeWalker::close (30 bytes)
Event: 114.545 Thread 0x0000000019a9a800 nmethod 11960 0x0000000005033d90 code [0x0000000005033f00, 0x0000000005034288]
Event: 114.545 Thread 0x0000000019a9a800 11965       4       org.gradle.tooling.internal.provider.runner.SubtreeFilteringBuildOperationListener::started (118 bytes)
Event: 114.546 Thread 0x0000000019aaa000 nmethod 11952 0x00000000050cf450 code [0x00000000050cf640, 0x00000000050cfec8]
Event: 114.546 Thread 0x0000000019aaa000 11966       3       com.google.common.base.Preconditions::checkState (25 bytes)
Event: 114.547 Thread 0x0000000019aaa000 nmethod 11966 0x0000000004f5d850 code [0x0000000004f5d9e0, 0x0000000004f5ddf8]
Event: 114.551 Thread 0x0000000019a9f800 nmethod 11943 0x00000000050e3d50 code [0x00000000050e3f60, 0x00000000050e4970]
Event: 114.551 Thread 0x0000000019a9f800 11959       4       java.util.regex.Pattern$CharProperty$1::isSatisfiedBy (17 bytes)
Event: 114.553 Thread 0x0000000019a9f800 nmethod 11959 0x00000000050c0010 code [0x00000000050c0160, 0x00000000050c02b8]
Event: 114.553 Thread 0x0000000019a9f800 11968       4       java.util.Arrays::binarySearch0 (95 bytes)

GC Heap History (10 events):
Event: 9.433 GC heap before
{Heap before GC invocations=12 (full 2):
 PSYoungGen      total 188928K, used 68183K [0x00000000d5580000, 0x00000000e3d80000, 0x0000000100000000)
  eden space 176640K, 31% used [0x00000000d5580000,0x00000000d8c1a580,0x00000000e0200000)
  from space 12288K, 99% used [0x00000000e0200000,0x00000000e0dfb710,0x00000000e0e00000)
  to   space 18432K, 0% used [0x00000000e2b80000,0x00000000e2b80000,0x00000000e3d80000)
 ParOldGen       total 139776K, used 26259K [0x0000000080000000, 0x0000000088880000, 0x00000000d5580000)
  object space 139776K, 18% used [0x0000000080000000,0x00000000819a4d18,0x0000000088880000)
 Metaspace       used 56363K, capacity 58925K, committed 59028K, reserved 1099776K
  class space    used 7465K, capacity 7936K, committed 7936K, reserved 1048576K
Event: 9.451 GC heap after
Heap after GC invocations=12 (full 2):
 PSYoungGen      total 217088K, used 17914K [0x00000000d5580000, 0x00000000e5b00000, 0x0000000100000000)
  eden space 198656K, 0% used [0x00000000d5580000,0x00000000d5580000,0x00000000e1780000)
  from space 18432K, 97% used [0x00000000e2b80000,0x00000000e3cfe860,0x00000000e3d80000)
  to   space 20480K, 0% used [0x00000000e1780000,0x00000000e1780000,0x00000000e2b80000)
 ParOldGen       total 139776K, used 26331K [0x0000000080000000, 0x0000000088880000, 0x00000000d5580000)
  object space 139776K, 18% used [0x0000000080000000,0x00000000819b6d28,0x0000000088880000)
 Metaspace       used 56363K, capacity 58925K, committed 59028K, reserved 1099776K
  class space    used 7465K, capacity 7936K, committed 7936K, reserved 1048576K
}
Event: 9.451 GC heap before
{Heap before GC invocations=13 (full 3):
 PSYoungGen      total 217088K, used 17914K [0x00000000d5580000, 0x00000000e5b00000, 0x0000000100000000)
  eden space 198656K, 0% used [0x00000000d5580000,0x00000000d5580000,0x00000000e1780000)
  from space 18432K, 97% used [0x00000000e2b80000,0x00000000e3cfe860,0x00000000e3d80000)
  to   space 20480K, 0% used [0x00000000e1780000,0x00000000e1780000,0x00000000e2b80000)
 ParOldGen       total 139776K, used 26331K [0x0000000080000000, 0x0000000088880000, 0x00000000d5580000)
  object space 139776K, 18% used [0x0000000080000000,0x00000000819b6d28,0x0000000088880000)
 Metaspace       used 56363K, capacity 58925K, committed 59028K, reserved 1099776K
  class space    used 7465K, capacity 7936K, committed 7936K, reserved 1048576K
Event: 9.703 GC heap after
Heap after GC invocations=13 (full 3):
 PSYoungGen      total 217088K, used 0K [0x00000000d5580000, 0x00000000e5b00000, 0x0000000100000000)
  eden space 198656K, 0% used [0x00000000d5580000,0x00000000d5580000,0x00000000e1780000)
  from space 18432K, 0% used [0x00000000e2b80000,0x00000000e2b80000,0x00000000e3d80000)
  to   space 20480K, 0% used [0x00000000e1780000,0x00000000e1780000,0x00000000e2b80000)
 ParOldGen       total 210944K, used 32531K [0x0000000080000000, 0x000000008ce00000, 0x00000000d5580000)
  object space 210944K, 15% used [0x0000000080000000,0x0000000081fc4f58,0x000000008ce00000)
 Metaspace       used 56269K, capacity 58633K, committed 59028K, reserved 1099776K
  class space    used 7437K, capacity 7892K, committed 7936K, reserved 1048576K
}
Event: 12.423 GC heap before
{Heap before GC invocations=14 (full 3):
 PSYoungGen      total 217088K, used 198656K [0x00000000d5580000, 0x00000000e5b00000, 0x0000000100000000)
  eden space 198656K, 100% used [0x00000000d5580000,0x00000000e1780000,0x00000000e1780000)
  from space 18432K, 0% used [0x00000000e2b80000,0x00000000e2b80000,0x00000000e3d80000)
  to   space 20480K, 0% used [0x00000000e1780000,0x00000000e1780000,0x00000000e2b80000)
 ParOldGen       total 210944K, used 32531K [0x0000000080000000, 0x000000008ce00000, 0x00000000d5580000)
  object space 210944K, 15% used [0x0000000080000000,0x0000000081fc4f58,0x000000008ce00000)
 Metaspace       used 68128K, capacity 71139K, committed 71384K, reserved 1110016K
  class space    used 9295K, capacity 9918K, committed 9984K, reserved 1048576K
Event: 12.448 GC heap after
Heap after GC invocations=14 (full 3):
 PSYoungGen      total 219136K, used 17518K [0x00000000d5580000, 0x00000000e6700000, 0x0000000100000000)
  eden space 198656K, 0% used [0x00000000d5580000,0x00000000d5580000,0x00000000e1780000)
  from space 20480K, 85% used [0x00000000e1780000,0x00000000e289b888,0x00000000e2b80000)
  to   space 22016K, 0% used [0x00000000e5180000,0x00000000e5180000,0x00000000e6700000)
 ParOldGen       total 210944K, used 32539K [0x0000000080000000, 0x000000008ce00000, 0x00000000d5580000)
  object space 210944K, 15% used [0x0000000080000000,0x0000000081fc6f58,0x000000008ce00000)
 Metaspace       used 68128K, capacity 71139K, committed 71384K, reserved 1110016K
  class space    used 9295K, capacity 9918K, committed 9984K, reserved 1048576K
}
Event: 15.652 GC heap before
{Heap before GC invocations=15 (full 3):
 PSYoungGen      total 219136K, used 216174K [0x00000000d5580000, 0x00000000e6700000, 0x0000000100000000)
  eden space 198656K, 100% used [0x00000000d5580000,0x00000000e1780000,0x00000000e1780000)
  from space 20480K, 85% used [0x00000000e1780000,0x00000000e289b888,0x00000000e2b80000)
  to   space 22016K, 0% used [0x00000000e5180000,0x00000000e5180000,0x00000000e6700000)
 ParOldGen       total 210944K, used 32539K [0x0000000080000000, 0x000000008ce00000, 0x00000000d5580000)
  object space 210944K, 15% used [0x0000000080000000,0x0000000081fc6f58,0x000000008ce00000)
 Metaspace       used 81632K, capacity 85903K, committed 86232K, reserved 1124352K
  class space    used 11042K, capacity 11935K, committed 12032K, reserved 1048576K
Event: 15.675 GC heap after
Heap after GC invocations=15 (full 3):
 PSYoungGen      total 252928K, used 21995K [0x00000000d5580000, 0x00000000e6d80000, 0x0000000100000000)
  eden space 230912K, 0% used [0x00000000d5580000,0x00000000d5580000,0x00000000e3700000)
  from space 22016K, 99% used [0x00000000e5180000,0x00000000e66fad90,0x00000000e6700000)
  to   space 27136K, 0% used [0x00000000e3700000,0x00000000e3700000,0x00000000e5180000)
 ParOldGen       total 210944K, used 39454K [0x0000000080000000, 0x000000008ce00000, 0x00000000d5580000)
  object space 210944K, 18% used [0x0000000080000000,0x00000000826878b8,0x000000008ce00000)
 Metaspace       used 81632K, capacity 85903K, committed 86232K, reserved 1124352K
  class space    used 11042K, capacity 11935K, committed 12032K, reserved 1048576K
}
Event: 112.462 GC heap before
{Heap before GC invocations=16 (full 3):
 PSYoungGen      total 252928K, used 252907K [0x00000000d5580000, 0x00000000e6d80000, 0x0000000100000000)
  eden space 230912K, 100% used [0x00000000d5580000,0x00000000e3700000,0x00000000e3700000)
  from space 22016K, 99% used [0x00000000e5180000,0x00000000e66fad90,0x00000000e6700000)
  to   space 27136K, 0% used [0x00000000e3700000,0x00000000e3700000,0x00000000e5180000)
 ParOldGen       total 210944K, used 39454K [0x0000000080000000, 0x000000008ce00000, 0x00000000d5580000)
  object space 210944K, 18% used [0x0000000080000000,0x00000000826878b8,0x000000008ce00000)
 Metaspace       used 86745K, capacity 91367K, committed 91608K, reserved 1128448K
  class space    used 11580K, capacity 12535K, committed 12544K, reserved 1048576K
Event: 112.503 GC heap after
Heap after GC invocations=16 (full 3):
 PSYoungGen      total 258048K, used 27119K [0x00000000d5580000, 0x00000000e6d80000, 0x0000000100000000)
  eden space 230912K, 0% used [0x00000000d5580000,0x00000000d5580000,0x00000000e3700000)
  from space 27136K, 99% used [0x00000000e3700000,0x00000000e517be78,0x00000000e5180000)
  to   space 22016K, 0% used [0x00000000e5180000,0x00000000e5180000,0x00000000e6700000)
 ParOldGen       total 210944K, used 119824K [0x0000000080000000, 0x000000008ce00000, 0x00000000d5580000)
  object space 210944K, 56% used [0x0000000080000000,0x00000000875043c0,0x000000008ce00000)
 Metaspace       used 86745K, capacity 91367K, committed 91608K, reserved 1128448K
  class space    used 11580K, capacity 12535K, committed 12544K, reserved 1048576K
}

Deoptimization events (10 events):
Event: 114.477 Thread 0x0000000022d7b000 Uncommon trap: reason=unstable_if action=reinterpret pc=0x0000000004de27b0 method=java.lang.String.regionMatches(ZILjava/lang/String;II)Z @ 102
Event: 114.486 Thread 0x0000000022d7b000 Uncommon trap: reason=predicate action=maybe_recompile pc=0x000000000509c888 method=java.util.TimSort.binarySort([Ljava/lang/Object;IIILjava/util/Comparator;)V @ 37
Event: 114.534 Thread 0x0000000022d7e800 Uncommon trap: reason=bimorphic action=maybe_recompile pc=0x000000000367f0bc method=java.util.regex.Pattern$Slice.match(Ljava/util/regex/Matcher;ILjava/lang/CharSequence;)Z @ 75
Event: 114.534 Thread 0x0000000022d7e800 Uncommon trap: reason=bimorphic action=maybe_recompile pc=0x000000000367f0bc method=java.util.regex.Pattern$Slice.match(Ljava/util/regex/Matcher;ILjava/lang/CharSequence;)Z @ 75
Event: 114.534 Thread 0x0000000022d7e800 Uncommon trap: reason=unstable_if action=reinterpret pc=0x000000000367f09c method=java.util.regex.Matcher.match(II)Z @ 30
Event: 114.535 Thread 0x0000000022d7e800 Uncommon trap: reason=bimorphic action=maybe_recompile pc=0x0000000003681ed4 method=java.util.regex.Pattern$Slice.match(Ljava/util/regex/Matcher;ILjava/lang/CharSequence;)Z @ 75
Event: 114.535 Thread 0x0000000022d7e800 Uncommon trap: reason=bimorphic action=maybe_recompile pc=0x0000000003681ed4 method=java.util.regex.Pattern$Slice.match(Ljava/util/regex/Matcher;ILjava/lang/CharSequence;)Z @ 75
Event: 114.535 Thread 0x0000000022d7e800 Uncommon trap: reason=unstable_if action=reinterpret pc=0x0000000004b264a0 method=java.util.regex.Pattern$LastNode.match(Ljava/util/regex/Matcher;ILjava/lang/CharSequence;)Z @ 13
Event: 114.536 Thread 0x0000000022d7e800 Uncommon trap: reason=unstable_if action=reinterpret pc=0x0000000004039228 method=java.util.regex.Pattern.newSlice([IIZ)Ljava/util/regex/Pattern$Node; @ 10
Event: 114.537 Thread 0x0000000022d7e800 Uncommon trap: reason=unstable_if action=reinterpret pc=0x0000000004021fd4 method=java.util.regex.Pattern.newSlice([IIZ)Ljava/util/regex/Pattern$Node; @ 10

Classes redefined (0 events):
No events

Internal exceptions (10 events):
Event: 113.639 Thread 0x0000000022d82000 Exception <a 'sun/nio/fs/WindowsException'> (0x00000000dd181a58) thrown at [C:\src\AOSP-openjdk-git\hotspot\src\share\vm\prims\jni.cpp, line 710]
Event: 114.476 Thread 0x0000000022d7b000 Exception <a 'sun/nio/fs/WindowsException'> (0x00000000e1b983f0) thrown at [C:\src\AOSP-openjdk-git\hotspot\src\share\vm\prims\jni.cpp, line 710]
Event: 114.476 Thread 0x0000000022d7b000 Exception <a 'sun/nio/fs/WindowsException'> (0x00000000e1b99460) thrown at [C:\src\AOSP-openjdk-git\hotspot\src\share\vm\prims\jni.cpp, line 710]
Event: 114.486 Thread 0x0000000022d7b000 Exception <a 'sun/nio/fs/WindowsException'> (0x00000000e1bb1080) thrown at [C:\src\AOSP-openjdk-git\hotspot\src\share\vm\prims\jni.cpp, line 710]
Event: 114.487 Thread 0x0000000022d7b000 Exception <a 'sun/nio/fs/WindowsException'> (0x00000000e1bb20d0) thrown at [C:\src\AOSP-openjdk-git\hotspot\src\share\vm\prims\jni.cpp, line 710]
Event: 114.491 Thread 0x0000000022d7b000 Exception <a 'java/lang/NoSuchMethodError': <clinit>> (0x00000000e1c03280) thrown at [C:\src\AOSP-openjdk-git\hotspot\src\share\vm\prims\jni.cpp, line 1615]
Event: 114.492 Thread 0x0000000022d7b000 Exception <a 'java/lang/NoSuchMethodError': <clinit>> (0x00000000e1c1ba98) thrown at [C:\src\AOSP-openjdk-git\hotspot\src\share\vm\prims\jni.cpp, line 1615]
Event: 114.498 Thread 0x0000000022d7e800 Exception <a 'sun/nio/fs/WindowsException'> (0x00000000d751e1d8) thrown at [C:\src\AOSP-openjdk-git\hotspot\src\share\vm\prims\jni.cpp, line 710]
Event: 114.502 Thread 0x0000000022d7e800 Exception <a 'java/lang/NoSuchMethodError': java.lang.Object.lambda$asRunnable$0(Lcom/android/tools/build/apkzlib/utils/IOExceptionRunnable;)V> (0x00000000e1cdb058) thrown at [C:\src\AOSP-openjdk-git\hotspot\src\share\vm\interpreter\linkResolver.cpp, line
Event: 114.550 Thread 0x0000000022d7e800 Exception <a 'java/lang/NoSuchMethodError': java.lang.Object.newSystemTemporaryDirectory()Lcom/android/tools/build/apkzlib/bytestorage/TemporaryDirectory;> (0x00000000e25be138) thrown at [C:\src\AOSP-openjdk-git\hotspot\src\share\vm\interpreter\linkResolv

Events (10 events):
Event: 114.553 loading class com/android/tools/build/apkzlib/zip/AlignmentRule
Event: 114.553 loading class com/android/tools/build/apkzlib/zip/AlignmentRule done
Event: 114.553 loading class com/android/tools/build/apkzlib/zip/AlignmentRule
Event: 114.553 loading class com/android/tools/build/apkzlib/zip/AlignmentRule done
Event: 114.554 loading class com/android/tools/build/apkzlib/zip/VerifyLogs
Event: 114.554 loading class com/android/tools/build/apkzlib/zip/VerifyLogs done
Event: 114.554 loading class com/android/tools/build/apkzlib/zip/VerifyLog
Event: 114.554 loading class com/android/tools/build/apkzlib/zip/VerifyLog done
Event: 114.554 loading class com/android/tools/build/apkzlib/zip/VerifyLog
Event: 114.554 loading class com/android/tools/build/apkzlib/zip/VerifyLog done


Dynamic libraries:
0x00007ff6c65e0000 - 0x00007ff6c6611000 	C:\Program Files\Android\Android Studio\jre\bin\java.exe
0x00007ffad1360000 - 0x00007ffad1550000 	C:\WINDOWS\SYSTEM32\ntdll.dll
0x00007ffacf7f0000 - 0x00007ffacf8a2000 	C:\WINDOWS\System32\KERNEL32.DLL
0x00007fface570000 - 0x00007fface815000 	C:\WINDOWS\System32\KERNELBASE.dll
0x00007ffacf570000 - 0x00007ffacf613000 	C:\WINDOWS\System32\ADVAPI32.dll
0x00007ffacfe30000 - 0x00007ffacfece000 	C:\WINDOWS\System32\msvcrt.dll
0x00007ffacfb40000 - 0x00007ffacfbd7000 	C:\WINDOWS\System32\sechost.dll
0x00007ffad0d20000 - 0x00007ffad0e3f000 	C:\WINDOWS\System32\RPCRT4.dll
0x00007ffacfc90000 - 0x00007ffacfe24000 	C:\WINDOWS\System32\USER32.dll
0x00007ffaceba0000 - 0x00007ffacebc1000 	C:\WINDOWS\System32\win32u.dll
0x00007ffacf720000 - 0x00007ffacf746000 	C:\WINDOWS\System32\GDI32.dll
0x00007ffacea00000 - 0x00007ffaceb98000 	C:\WINDOWS\System32\gdi32full.dll
0x00007ffacf350000 - 0x00007ffacf3ee000 	C:\WINDOWS\System32\msvcp_win.dll
0x00007fface8d0000 - 0x00007fface9ca000 	C:\WINDOWS\System32\ucrtbase.dll
0x00007ffab40f0000 - 0x00007ffab4374000 	C:\WINDOWS\WinSxS\amd64_microsoft.windows.common-controls_6595b64144ccf1df_6.0.18362.1316_none_9e7a364fe461dbd7\COMCTL32.dll
0x00007ffad0640000 - 0x00007ffad0977000 	C:\WINDOWS\System32\combase.dll
0x00007fface330000 - 0x00007fface3b1000 	C:\WINDOWS\System32\bcryptPrimitives.dll
0x00007ffacf6f0000 - 0x00007ffacf71e000 	C:\WINDOWS\System32\IMM32.DLL
0x00000000710e0000 - 0x00000000711b2000 	C:\Program Files\Android\Android Studio\jre\jre\bin\msvcr100.dll
0x0000000070500000 - 0x0000000070d4b000 	C:\Program Files\Android\Android Studio\jre\jre\bin\server\jvm.dll
0x00007ffad1310000 - 0x00007ffad1318000 	C:\WINDOWS\System32\PSAPI.DLL
0x00007ffac6780000 - 0x00007ffac678a000 	C:\WINDOWS\SYSTEM32\VERSION.dll
0x00007ffacbb90000 - 0x00007ffacbbb4000 	C:\WINDOWS\SYSTEM32\WINMM.dll
0x00007ffa98c20000 - 0x00007ffa98c29000 	C:\WINDOWS\SYSTEM32\WSOCK32.dll
0x00007ffad0a30000 - 0x00007ffad0a9f000 	C:\WINDOWS\System32\WS2_32.dll
0x00007ffacb710000 - 0x00007ffacb73d000 	C:\WINDOWS\SYSTEM32\WINMMBASE.dll
0x00007fface2e0000 - 0x00007fface32a000 	C:\WINDOWS\System32\cfgmgr32.dll
0x00007ffac9b90000 - 0x00007ffac9b9f000 	C:\Program Files\Android\Android Studio\jre\jre\bin\verify.dll
0x00007ffac9b40000 - 0x00007ffac9b69000 	C:\Program Files\Android\Android Studio\jre\jre\bin\java.dll
0x00007ffac7620000 - 0x00007ffac7636000 	C:\Program Files\Android\Android Studio\jre\jre\bin\zip.dll
0x00007ffacff50000 - 0x00007ffad0638000 	C:\WINDOWS\System32\SHELL32.dll
0x00007ffacfbe0000 - 0x00007ffacfc87000 	C:\WINDOWS\System32\shcore.dll
0x00007ffacebd0000 - 0x00007ffacf34b000 	C:\WINDOWS\System32\windows.storage.dll
0x00007fface2b0000 - 0x00007fface2d3000 	C:\WINDOWS\System32\profapi.dll
0x00007fface260000 - 0x00007fface2aa000 	C:\WINDOWS\System32\powrprof.dll
0x00007fface210000 - 0x00007fface220000 	C:\WINDOWS\System32\UMPDC.dll
0x00007ffacfa70000 - 0x00007ffacfac2000 	C:\WINDOWS\System32\shlwapi.dll
0x00007fface240000 - 0x00007fface251000 	C:\WINDOWS\System32\kernel.appcore.dll
0x00007ffacf3f0000 - 0x00007ffacf407000 	C:\WINDOWS\System32\cryptsp.dll
0x00007ffac5cd0000 - 0x00007ffac5cea000 	C:\Program Files\Android\Android Studio\jre\jre\bin\net.dll
0x00007ffacda50000 - 0x00007ffacdab7000 	C:\WINDOWS\system32\mswsock.dll
0x00007ffac5c70000 - 0x00007ffac5c83000 	C:\Program Files\Android\Android Studio\jre\jre\bin\nio.dll
0x00007ffaa5780000 - 0x00007ffaa57a7000 	C:\Users\Jimmy\.gradle\native\f6784746aeab05261644944871eae4fe03e0ef1612fff0a4a95f87b438bc6780\windows-amd64\native-platform.dll
0x00007ffac9b80000 - 0x00007ffac9b8d000 	C:\Program Files\Android\Android Studio\jre\jre\bin\management.dll
0x00007ffacd5d0000 - 0x00007ffacd603000 	C:\WINDOWS\system32\rsaenh.dll
0x00007fface9d0000 - 0x00007fface9f6000 	C:\WINDOWS\System32\bcrypt.dll
0x00007fface130000 - 0x00007fface155000 	C:\WINDOWS\SYSTEM32\USERENV.dll
0x00007ffacdc20000 - 0x00007ffacdc2c000 	C:\WINDOWS\SYSTEM32\CRYPTBASE.dll
0x00007ffacd760000 - 0x00007ffacd79a000 	C:\WINDOWS\SYSTEM32\IPHLPAPI.DLL
0x00007ffacfee0000 - 0x00007ffacfee8000 	C:\WINDOWS\System32\NSI.dll
0x00007ffac51d0000 - 0x00007ffac51e6000 	C:\WINDOWS\SYSTEM32\dhcpcsvc6.DLL
0x00007ffac5050000 - 0x00007ffac506c000 	C:\WINDOWS\SYSTEM32\dhcpcsvc.DLL
0x00007ffacd7a0000 - 0x00007ffacd86b000 	C:\WINDOWS\SYSTEM32\DNSAPI.dll
0x00007ffac6690000 - 0x00007ffac669b000 	C:\WINDOWS\SYSTEM32\WINNSI.DLL
0x00007ffa829f0000 - 0x00007ffa82b8c000 	C:\Program Files\Android\Android Studio\jre\jre\bin\awt.dll
0x00007ffad0aa0000 - 0x00007ffad0b65000 	C:\WINDOWS\System32\OLEAUT32.dll
0x00007ffacc5f0000 - 0x00007ffacc61d000 	C:\WINDOWS\SYSTEM32\dwmapi.dll
0x00007ffaca7a0000 - 0x00007ffacad60000 	C:\WINDOWS\SYSTEM32\d2d1.dll
0x00007ffacbdc0000 - 0x00007ffacbe4f000 	C:\WINDOWS\SYSTEM32\apphelp.dll
0x00007ffacc1d0000 - 0x00007ffacc269000 	C:\WINDOWS\system32\uxtheme.dll

VM Arguments:
jvm_args: -Xmx2048m -Dfile.encoding=UTF-8 -Duser.country=ES -Duser.language=es -Duser.variant 
java_command: org.gradle.launcher.daemon.bootstrap.GradleDaemon 6.5
java_class_path (initial): C:\Users\Jimmy\.gradle\wrapper\dists\gradle-6.5-all\2oz4ud9k3tuxjg84bbf55q0tn\gradle-6.5\lib\gradle-launcher-6.5.jar
Launcher Type: SUN_STANDARD

Environment Variables:
JAVA_HOME=C:\Program Files\Java\jdk1.8.0_221
PATH=C:\Program Files (x86)\VMware\VMware Player\bin\;C:\Program Files\Java\jdk1.8.0_221\bin;C:\WINDOWS\system32;C:\WINDOWS;C:\WINDOWS\System32\Wbem;C:\WINDOWS\System32\WindowsPowerShell\v1.0\;C:\WINDOWS\System32\OpenSSH\;C:\Program Files\Calibre2\;C:\Program Files (x86)\NVIDIA Corporation\PhysX\Common;C:\Program Files\NVIDIA Corporation\NVIDIA NvDLISR;C:\Git\cmd;C:\Program Files\Python_3.9.0\Scripts\;C:\Program Files\Python_3.9.0\;C:\Program Files\Java\jdk1.8.0_221\bin;C:\Users\Jimmy\AppData\Local\Microsoft\WindowsApps;;C:\Users\Jimmy\AppData\Local\Programs\Microsoft VS Code\bin
USERNAME=Jimmy
OS=Windows_NT
PROCESSOR_IDENTIFIER=Intel64 Family 6 Model 158 Stepping 10, GenuineIntel



---------------  S Y S T E M  ---------------

OS: Windows 10.0 , 64 bit Build 18362 (10.0.18362.1316)

CPU:total 12 (initial active 12) (6 cores per cpu, 2 threads per core) family 6 model 158 stepping 10, cmov, cx8, fxsr, mmx, sse, sse2, sse3, ssse3, sse4.1, sse4.2, popcnt, avx, avx2, aes, clmul, erms, 3dnowpref, lzcnt, ht, tsc, tscinvbit, bmi1, bmi2, adx

Memory: 4k page, physical 16546068k(4635192k free), swap 16546068k(46948k free)

vm_info: OpenJDK 64-Bit Server VM (25.242-b01) for windows-amd64 JRE (1.8.0_242-release-1644-b01), built by "builder" with MS VC++ 10.0 (VS2010)

time: Fri Feb 12 13:17:50 2021
timezone: Hora estándar romance
elapsed time: 114 seconds (0d 0h 1m 54s)

